TN:
SF:app/_layout.tsx
FN:29,RootLayoutNav
FN:45,MonitoringInitializer
FN:47,(anonymous_12)
FN:49,(anonymous_13)
FN:54,(anonymous_14)
FN:58,(anonymous_15)
FN:65,OfflineInitializer
FN:66,(anonymous_17)
FN:68,(anonymous_18)
FN:75,RootLayout
FN:76,(anonymous_20)
FN:78,(anonymous_21)
FN:89,(anonymous_22)
FNF:13
FNH:0
FNDA:0,RootLayoutNav
FNDA:0,MonitoringInitializer
FNDA:0,(anonymous_12)
FNDA:0,(anonymous_13)
FNDA:0,(anonymous_14)
FNDA:0,(anonymous_15)
FNDA:0,OfflineInitializer
FNDA:0,(anonymous_17)
FNDA:0,(anonymous_18)
FNDA:0,RootLayout
FNDA:0,(anonymous_20)
FNDA:0,(anonymous_21)
FNDA:0,(anonymous_22)
DA:1,0
DA:2,0
DA:3,0
DA:4,0
DA:5,0
DA:6,0
DA:7,0
DA:8,0
DA:9,0
DA:10,0
DA:11,0
DA:12,0
DA:13,0
DA:14,0
DA:15,0
DA:16,0
DA:17,0
DA:18,0
DA:19,0
DA:20,0
DA:21,0
DA:22,0
DA:23,0
DA:25,0
DA:27,0
DA:30,0
DA:46,0
DA:47,0
DA:48,0
DA:49,0
DA:50,0
DA:54,0
DA:55,0
DA:58,0
DA:59,0
DA:62,0
DA:66,0
DA:67,0
DA:68,0
DA:69,0
DA:72,0
DA:75,0
DA:76,0
DA:78,0
DA:79,0
DA:80,0
DA:82,0
DA:87,0
DA:89,0
DA:92,0
LF:50
LH:0
BRF:0
BRH:0
end_of_record
TN:
SF:app/help.tsx
FN:223,HelpScreen
FN:228,(anonymous_10)
FN:232,(anonymous_11)
FN:239,(anonymous_12)
FN:249,(anonymous_13)
FN:257,(anonymous_14)
FN:268,(anonymous_15)
FN:277,(anonymous_16)
FN:281,(anonymous_17)
FN:288,(anonymous_18)
FN:330,(anonymous_19)
FN:341,(anonymous_20)
FN:372,(anonymous_21)
FN:380,(anonymous_22)
FN:401,(anonymous_23)
FNF:15
FNH:0
FNDA:0,HelpScreen
FNDA:0,(anonymous_10)
FNDA:0,(anonymous_11)
FNDA:0,(anonymous_12)
FNDA:0,(anonymous_13)
FNDA:0,(anonymous_14)
FNDA:0,(anonymous_15)
FNDA:0,(anonymous_16)
FNDA:0,(anonymous_17)
FNDA:0,(anonymous_18)
FNDA:0,(anonymous_19)
FNDA:0,(anonymous_20)
FNDA:0,(anonymous_21)
FNDA:0,(anonymous_22)
FNDA:0,(anonymous_23)
DA:1,0
DA:2,0
DA:13,0
DA:14,0
DA:15,0
DA:56,0
DA:65,0
DA:223,0
DA:224,0
DA:225,0
DA:226,0
DA:228,0
DA:229,0
DA:232,0
DA:234,0
DA:236,0
DA:239,0
DA:240,0
DA:241,0
DA:242,0
DA:244,0
DA:246,0
DA:249,0
DA:250,0
DA:251,0
DA:252,0
DA:254,0
DA:256,0
DA:258,0
DA:259,0
DA:261,0
DA:269,0
DA:277,0
DA:278,0
DA:280,0
DA:282,0
DA:283,0
DA:285,0
DA:289,0
DA:293,0
DA:331,0
DA:332,0
DA:334,0
DA:341,0
DA:373,0
DA:374,0
DA:376,0
DA:380,0
DA:402,0
DA:451,0
LF:50
LH:0
BRDA:229,0,0,0
BRDA:229,0,1,0
BRDA:229,0,2,0
BRDA:229,0,3,0
BRDA:234,1,0,0
BRDA:234,1,1,0
BRDA:236,2,0,0
BRDA:236,2,1,0
BRDA:241,3,0,0
BRDA:241,3,1,0
BRDA:258,4,0,0
BRDA:258,4,1,0
BRDA:282,5,0,0
BRDA:282,5,1,0
BRDA:339,6,0,0
BRDA:339,6,1,0
BRDA:345,7,0,0
BRDA:345,7,1,0
BRDA:349,8,0,0
BRDA:349,8,1,0
BRDA:363,9,0,0
BRDA:363,9,1,0
BRDA:388,10,0,0
BRDA:388,10,1,0
BRDA:395,11,0,0
BRDA:395,11,1,0
BRF:26
BRH:0
end_of_record
TN:
SF:app/index.tsx
FN:9,IndexScreen
FN:15,(anonymous_11)
FN:30,(anonymous_12)
FN:34,(anonymous_13)
FN:46,(anonymous_14)
FN:55,(anonymous_15)
FNF:6
FNH:0
FNDA:0,IndexScreen
FNDA:0,(anonymous_11)
FNDA:0,(anonymous_12)
FNDA:0,(anonymous_13)
FNDA:0,(anonymous_14)
FNDA:0,(anonymous_15)
DA:1,0
DA:2,0
DA:3,0
DA:4,0
DA:5,0
DA:6,0
DA:7,0
DA:9,0
DA:10,0
DA:11,0
DA:12,0
DA:13,0
DA:15,0
DA:16,0
DA:17,0
DA:18,0
DA:19,0
DA:20,0
DA:23,0
DA:24,0
DA:26,0
DA:30,0
DA:31,0
DA:34,0
DA:35,0
DA:36,0
DA:41,0
DA:46,0
DA:47,0
DA:48,0
DA:49,0
DA:51,0
DA:55,0
DA:56,0
DA:57,0
DA:60,0
DA:61,0
DA:68,0
DA:69,0
DA:72,0
DA:73,0
DA:76,0
DA:83,0
LF:43
LH:0
BRDA:17,0,0,0
BRDA:17,0,1,0
BRDA:19,1,0,0
BRDA:19,1,1,0
BRDA:19,2,0,0
BRDA:19,2,1,0
BRDA:35,3,0,0
BRDA:35,3,1,0
BRDA:35,4,0,0
BRDA:35,4,1,0
BRDA:36,5,0,0
BRDA:36,5,1,0
BRDA:37,6,0,0
BRDA:37,6,1,0
BRDA:37,6,2,0
BRDA:48,7,0,0
BRDA:48,7,1,0
BRDA:48,8,0,0
BRDA:48,8,1,0
BRDA:60,9,0,0
BRDA:60,9,1,0
BRDA:60,10,0,0
BRDA:60,10,1,0
BRDA:68,11,0,0
BRDA:68,11,1,0
BRDA:72,12,0,0
BRDA:72,12,1,0
BRF:27
BRH:0
end_of_record
TN:
SF:app/landing.tsx
FN:6,LandingRoute
FNF:1
FNH:0
FNDA:0,LandingRoute
DA:1,0
DA:2,0
DA:3,0
DA:4,0
DA:6,0
DA:7,0
DA:8,0
DA:15,0
DA:18,0
LF:9
LH:0
BRDA:7,0,0,0
BRDA:7,0,1,0
BRF:2
BRH:0
end_of_record
TN:
SF:app/onboarding.tsx
FN:137,OnboardingScreen
FN:153,(anonymous_11)
FN:157,(anonymous_12)
FN:164,(anonymous_13)
FN:172,(anonymous_14)
FN:178,(anonymous_15)
FN:192,(anonymous_16)
FN:215,(anonymous_17)
FN:256,(anonymous_18)
FN:263,(anonymous_19)
FN:301,(anonymous_20)
FN:308,(anonymous_21)
FN:335,(anonymous_22)
FN:342,(anonymous_23)
FN:370,(anonymous_24)
FN:377,(anonymous_25)
FN:379,(anonymous_26)
FN:400,(anonymous_27)
FN:407,(anonymous_28)
FN:430,(anonymous_29)
FN:437,(anonymous_30)
FN:439,(anonymous_31)
FN:459,(anonymous_32)
FN:460,(anonymous_33)
FN:461,(anonymous_34)
FN:462,(anonymous_35)
FN:463,(anonymous_36)
FN:464,(anonymous_37)
FN:466,(anonymous_38)
FN:470,(anonymous_39)
FN:480,(anonymous_40)
FN:509,(anonymous_41)
FN:515,(anonymous_42)
FN:521,(anonymous_43)
FN:526,(anonymous_44)
FN:527,(anonymous_45)
FN:533,(anonymous_46)
FN:538,(anonymous_47)
FN:539,(anonymous_48)
FN:558,(anonymous_49)
FNF:40
FNH:0
FNDA:0,OnboardingScreen
FNDA:0,(anonymous_11)
FNDA:0,(anonymous_12)
FNDA:0,(anonymous_13)
FNDA:0,(anonymous_14)
FNDA:0,(anonymous_15)
FNDA:0,(anonymous_16)
FNDA:0,(anonymous_17)
FNDA:0,(anonymous_18)
FNDA:0,(anonymous_19)
FNDA:0,(anonymous_20)
FNDA:0,(anonymous_21)
FNDA:0,(anonymous_22)
FNDA:0,(anonymous_23)
FNDA:0,(anonymous_24)
FNDA:0,(anonymous_25)
FNDA:0,(anonymous_26)
FNDA:0,(anonymous_27)
FNDA:0,(anonymous_28)
FNDA:0,(anonymous_29)
FNDA:0,(anonymous_30)
FNDA:0,(anonymous_31)
FNDA:0,(anonymous_32)
FNDA:0,(anonymous_33)
FNDA:0,(anonymous_34)
FNDA:0,(anonymous_35)
FNDA:0,(anonymous_36)
FNDA:0,(anonymous_37)
FNDA:0,(anonymous_38)
FNDA:0,(anonymous_39)
FNDA:0,(anonymous_40)
FNDA:0,(anonymous_41)
FNDA:0,(anonymous_42)
FNDA:0,(anonymous_43)
FNDA:0,(anonymous_44)
FNDA:0,(anonymous_45)
FNDA:0,(anonymous_46)
FNDA:0,(anonymous_47)
FNDA:0,(anonymous_48)
FNDA:0,(anonymous_49)
DA:1,0
DA:2,0
DA:11,0
DA:12,0
DA:13,0
DA:14,0
DA:27,0
DA:28,0
DA:29,0
DA:30,0
DA:31,0
DA:32,0
DA:35,0
DA:45,0
DA:104,0
DA:110,0
DA:119,0
DA:126,0
DA:137,0
DA:138,0
DA:139,0
DA:140,0
DA:141,0
DA:142,0
DA:143,0
DA:144,0
DA:145,0
DA:146,0
DA:147,0
DA:148,0
DA:149,0
DA:150,0
DA:152,0
DA:153,0
DA:156,0
DA:157,0
DA:161,0
DA:162,0
DA:164,0
DA:165,0
DA:166,0
DA:168,0
DA:172,0
DA:173,0
DA:174,0
DA:178,0
DA:179,0
DA:180,0
DA:181,0
DA:189,0
DA:192,0
DA:193,0
DA:195,0
DA:197,0
DA:199,0
DA:201,0
DA:203,0
DA:205,0
DA:207,0
DA:209,0
DA:211,0
DA:215,0
DA:216,0
DA:218,0
DA:220,0
DA:243,0
DA:257,0
DA:263,0
DA:288,0
DA:302,0
DA:308,0
DA:333,0
DA:336,0
DA:342,0
DA:368,0
DA:371,0
DA:378,0
DA:379,0
DA:381,0
DA:398,0
DA:401,0
DA:407,0
DA:427,0
DA:431,0
DA:438,0
DA:439,0
DA:441,0
DA:459,0
DA:460,0
DA:461,0
DA:462,0
DA:463,0
DA:464,0
DA:466,0
DA:467,0
DA:470,0
DA:481,0
DA:482,0
DA:504,0
DA:509,0
DA:515,0
DA:521,0
DA:526,0
DA:527,0
DA:533,0
DA:538,0
DA:539,0
DA:546,0
DA:550,0
DA:559,0
DA:613,0
LF:111
LH:0
BRDA:165,0,0,0
BRDA:165,0,1,0
BRDA:173,1,0,0
BRDA:173,1,1,0
BRDA:193,2,0,0
BRDA:193,2,1,0
BRDA:193,2,2,0
BRDA:193,2,3,0
BRDA:193,2,4,0
BRDA:193,2,5,0
BRDA:193,2,6,0
BRDA:193,2,7,0
BRDA:193,2,8,0
BRDA:216,3,0,0
BRDA:216,3,1,0
BRDA:218,4,0,0
BRDA:218,4,1,0
BRDA:218,4,2,0
BRDA:218,4,3,0
BRDA:218,4,4,0
BRDA:218,4,5,0
BRDA:218,4,6,0
BRDA:218,4,7,0
BRDA:218,4,8,0
BRDA:222,5,0,0
BRDA:222,5,1,0
BRDA:261,6,0,0
BRDA:261,6,1,0
BRDA:268,7,0,0
BRDA:268,7,1,0
BRDA:271,8,0,0
BRDA:271,8,1,0
BRDA:271,8,2,0
BRDA:275,9,0,0
BRDA:275,9,1,0
BRDA:278,10,0,0
BRDA:278,10,1,0
BRDA:306,11,0,0
BRDA:306,11,1,0
BRDA:313,12,0,0
BRDA:313,12,1,0
BRDA:316,13,0,0
BRDA:316,13,1,0
BRDA:316,13,2,0
BRDA:320,14,0,0
BRDA:320,14,1,0
BRDA:323,15,0,0
BRDA:323,15,1,0
BRDA:340,16,0,0
BRDA:340,16,1,0
BRDA:347,17,0,0
BRDA:347,17,1,0
BRDA:353,18,0,0
BRDA:353,18,1,0
BRDA:357,19,0,0
BRDA:357,19,1,0
BRDA:375,20,0,0
BRDA:375,20,1,0
BRDA:378,21,0,0
BRDA:378,21,1,0
BRDA:388,22,0,0
BRDA:388,22,1,0
BRDA:405,23,0,0
BRDA:405,23,1,0
BRDA:411,24,0,0
BRDA:411,24,1,0
BRDA:417,25,0,0
BRDA:417,25,1,0
BRDA:435,26,0,0
BRDA:435,26,1,0
BRDA:438,27,0,0
BRDA:438,27,1,0
BRDA:448,28,0,0
BRDA:448,28,1,0
BRDA:470,29,0,0
BRDA:470,29,1,0
BRDA:491,30,0,0
BRDA:491,30,1,0
BRDA:496,31,0,0
BRDA:496,31,1,0
BRDA:508,32,0,0
BRDA:508,32,1,0
BRDA:514,33,0,0
BRDA:514,33,1,0
BRDA:520,34,0,0
BRDA:520,34,1,0
BRDA:526,35,0,0
BRDA:526,35,1,0
BRDA:532,36,0,0
BRDA:532,36,1,0
BRDA:538,37,0,0
BRDA:538,37,1,0
BRDA:563,38,0,0
BRDA:563,38,1,0
BRDA:564,39,0,0
BRDA:564,39,1,0
BRDA:585,40,0,0
BRDA:585,40,1,0
BRDA:597,41,0,0
BRDA:597,41,1,0
BRDA:603,42,0,0
BRDA:603,42,1,0
BRF:102
BRH:0
end_of_record
TN:
SF:app/privacy-policy.tsx
FN:13,PrivacyPolicy
FN:26,(anonymous_2)
FNF:2
FNH:0
FNDA:0,PrivacyPolicy
FNDA:0,(anonymous_2)
DA:1,0
DA:2,0
DA:9,0
DA:10,0
DA:11,0
DA:13,0
DA:14,0
DA:15,0
DA:17,0
DA:26,0
DA:181,0
LF:11
LH:0
BRF:0
BRH:0
end_of_record
TN:
SF:app/settings.tsx
FN:71,SettingsScreen
FN:106,(anonymous_11)
FN:107,(anonymous_12)
FN:109,(anonymous_13)
FN:118,(anonymous_14)
FN:124,(anonymous_15)
FN:134,(anonymous_16)
FN:139,(anonymous_17)
FN:157,(anonymous_18)
FN:162,(anonymous_19)
FN:186,(anonymous_20)
FN:199,(anonymous_21)
FN:207,(anonymous_22)
FN:208,(anonymous_23)
FN:209,(anonymous_24)
FN:210,(anonymous_25)
FN:211,(anonymous_26)
FN:212,(anonymous_27)
FN:218,(anonymous_28)
FN:258,(anonymous_29)
FN:266,(anonymous_30)
FN:271,(anonymous_31)
FN:301,(anonymous_32)
FN:310,(anonymous_33)
FN:330,(anonymous_34)
FN:338,(anonymous_35)
FN:349,(anonymous_36)
FN:358,(anonymous_37)
FN:366,(anonymous_38)
FN:373,(anonymous_39)
FN:378,(anonymous_40)
FN:382,(anonymous_41)
FN:386,(anonymous_42)
FN:399,(anonymous_43)
FN:414,(anonymous_44)
FN:419,(anonymous_45)
FN:425,(anonymous_46)
FN:439,(anonymous_47)
FN:451,(anonymous_48)
FN:474,(anonymous_49)
FN:489,(anonymous_50)
FN:516,(anonymous_51)
FN:524,(anonymous_52)
FN:619,(anonymous_53)
FN:635,(anonymous_54)
FN:808,(anonymous_55)
FN:812,(anonymous_56)
FN:826,(anonymous_57)
FN:891,(anonymous_58)
FN:923,(anonymous_59)
FN:929,(anonymous_60)
FN:937,(anonymous_61)
FN:944,(anonymous_62)
FN:959,(anonymous_63)
FN:967,(anonymous_64)
FN:980,(anonymous_65)
FNF:56
FNH:0
FNDA:0,SettingsScreen
FNDA:0,(anonymous_11)
FNDA:0,(anonymous_12)
FNDA:0,(anonymous_13)
FNDA:0,(anonymous_14)
FNDA:0,(anonymous_15)
FNDA:0,(anonymous_16)
FNDA:0,(anonymous_17)
FNDA:0,(anonymous_18)
FNDA:0,(anonymous_19)
FNDA:0,(anonymous_20)
FNDA:0,(anonymous_21)
FNDA:0,(anonymous_22)
FNDA:0,(anonymous_23)
FNDA:0,(anonymous_24)
FNDA:0,(anonymous_25)
FNDA:0,(anonymous_26)
FNDA:0,(anonymous_27)
FNDA:0,(anonymous_28)
FNDA:0,(anonymous_29)
FNDA:0,(anonymous_30)
FNDA:0,(anonymous_31)
FNDA:0,(anonymous_32)
FNDA:0,(anonymous_33)
FNDA:0,(anonymous_34)
FNDA:0,(anonymous_35)
FNDA:0,(anonymous_36)
FNDA:0,(anonymous_37)
FNDA:0,(anonymous_38)
FNDA:0,(anonymous_39)
FNDA:0,(anonymous_40)
FNDA:0,(anonymous_41)
FNDA:0,(anonymous_42)
FNDA:0,(anonymous_43)
FNDA:0,(anonymous_44)
FNDA:0,(anonymous_45)
FNDA:0,(anonymous_46)
FNDA:0,(anonymous_47)
FNDA:0,(anonymous_48)
FNDA:0,(anonymous_49)
FNDA:0,(anonymous_50)
FNDA:0,(anonymous_51)
FNDA:0,(anonymous_52)
FNDA:0,(anonymous_53)
FNDA:0,(anonymous_54)
FNDA:0,(anonymous_55)
FNDA:0,(anonymous_56)
FNDA:0,(anonymous_57)
FNDA:0,(anonymous_58)
FNDA:0,(anonymous_59)
FNDA:0,(anonymous_60)
FNDA:0,(anonymous_61)
FNDA:0,(anonymous_62)
FNDA:0,(anonymous_63)
FNDA:0,(anonymous_64)
FNDA:0,(anonymous_65)
DA:1,0
DA:2,0
DA:13,0
DA:14,0
DA:16,0
DA:17,0
DA:47,0
DA:49,0
DA:50,0
DA:51,0
DA:52,0
DA:53,0
DA:54,0
DA:55,0
DA:56,0
DA:57,0
DA:71,0
DA:72,0
DA:73,0
DA:74,0
DA:75,0
DA:76,0
DA:77,0
DA:78,0
DA:79,0
DA:80,0
DA:81,0
DA:83,0
DA:91,0
DA:93,0
DA:103,0
DA:104,0
DA:106,0
DA:107,0
DA:109,0
DA:110,0
DA:114,0
DA:115,0
DA:118,0
DA:119,0
DA:120,0
DA:121,0
DA:124,0
DA:125,0
DA:126,0
DA:127,0
DA:129,0
DA:134,0
DA:135,0
DA:136,0
DA:139,0
DA:140,0
DA:142,0
DA:145,0
DA:146,0
DA:147,0
DA:148,0
DA:149,0
DA:151,0
DA:154,0
DA:157,0
DA:158,0
DA:159,0
DA:162,0
DA:163,0
DA:164,0
DA:165,0
DA:167,0
DA:169,0
DA:171,0
DA:173,0
DA:174,0
DA:175,0
DA:176,0
DA:177,0
DA:179,0
DA:183,0
DA:186,0
DA:187,0
DA:188,0
DA:190,0
DA:191,0
DA:199,0
DA:200,0
DA:201,0
DA:202,0
DA:203,0
DA:207,0
DA:208,0
DA:209,0
DA:210,0
DA:211,0
DA:212,0
DA:218,0
DA:219,0
DA:220,0
DA:221,0
DA:223,0
DA:225,0
DA:232,0
DA:233,0
DA:239,0
DA:241,0
DA:243,0
DA:245,0
DA:246,0
DA:248,0
DA:254,0
DA:258,0
DA:259,0
DA:266,0
DA:267,0
DA:271,0
DA:272,0
DA:273,0
DA:274,0
DA:276,0
DA:278,0
DA:279,0
DA:280,0
DA:281,0
DA:282,0
DA:283,0
DA:284,0
DA:285,0
DA:286,0
DA:287,0
DA:290,0
DA:297,0
DA:301,0
DA:302,0
DA:311,0
DA:323,0
DA:330,0
DA:331,0
DA:332,0
DA:333,0
DA:335,0
DA:337,0
DA:339,0
DA:340,0
DA:342,0
DA:350,0
DA:358,0
DA:359,0
DA:365,0
DA:367,0
DA:368,0
DA:370,0
DA:374,0
DA:378,0
DA:379,0
DA:382,0
DA:383,0
DA:386,0
DA:387,0
DA:388,0
DA:389,0
DA:392,0
DA:399,0
DA:400,0
DA:401,0
DA:402,0
DA:405,0
DA:412,0
DA:414,0
DA:415,0
DA:416,0
DA:419,0
DA:420,0
DA:421,0
DA:422,0
DA:425,0
DA:426,0
DA:427,0
DA:434,0
DA:436,0
DA:439,0
DA:440,0
DA:441,0
DA:448,0
DA:451,0
DA:452,0
DA:453,0
DA:459,0
DA:460,0
DA:461,0
DA:463,0
DA:466,0
DA:468,0
DA:474,0
DA:475,0
DA:476,0
DA:484,0
DA:485,0
DA:489,0
DA:490,0
DA:491,0
DA:498,0
DA:502,0
DA:503,0
DA:504,0
DA:505,0
DA:507,0
DA:516,0
DA:524,0
DA:619,0
DA:635,0
DA:734,0
DA:735,0
DA:745,0
DA:746,0
DA:756,0
DA:809,0
DA:813,0
DA:814,0
DA:816,0
DA:827,0
DA:829,0
DA:831,0
DA:832,0
DA:833,0
DA:834,0
DA:892,0
DA:893,0
DA:923,0
DA:929,0
DA:938,0
DA:939,0
DA:945,0
DA:946,0
DA:959,0
DA:968,0
DA:969,0
DA:970,0
DA:975,0
DA:981,0
DA:982,0
DA:1000,0
LF:239
LH:0
BRDA:91,0,0,0
BRDA:91,0,1,0
BRDA:91,1,0,0
BRDA:91,1,1,0
BRDA:91,2,0,0
BRDA:91,2,1,0
BRDA:91,3,0,0
BRDA:91,3,1,0
BRDA:91,4,0,0
BRDA:91,4,1,0
BRDA:91,5,0,0
BRDA:91,5,1,0
BRDA:91,6,0,0
BRDA:91,6,1,0
BRDA:103,7,0,0
BRDA:103,7,1,0
BRDA:104,8,0,0
BRDA:104,8,1,0
BRDA:124,9,0,0
BRDA:125,10,0,0
BRDA:125,10,1,0
BRDA:125,11,0,0
BRDA:125,11,1,0
BRDA:126,12,0,0
BRDA:126,12,1,0
BRDA:146,13,0,0
BRDA:146,13,1,0
BRDA:148,14,0,0
BRDA:148,14,1,0
BRDA:173,15,0,0
BRDA:173,15,1,0
BRDA:174,16,0,0
BRDA:174,16,1,0
BRDA:176,17,0,0
BRDA:176,17,1,0
BRDA:190,18,0,0
BRDA:190,18,1,0
BRDA:202,19,0,0
BRDA:202,19,1,0
BRDA:220,20,0,0
BRDA:220,20,1,0
BRDA:220,21,0,0
BRDA:220,21,1,0
BRDA:229,22,0,0
BRDA:229,22,1,0
BRDA:245,23,0,0
BRDA:245,23,1,0
BRDA:276,24,0,0
BRDA:276,24,1,0
BRDA:339,25,0,0
BRDA:339,25,1,0
BRDA:367,26,0,0
BRDA:367,26,1,0
BRDA:387,27,0,0
BRDA:387,27,1,0
BRDA:400,28,0,0
BRDA:400,28,1,0
BRDA:415,29,0,0
BRDA:415,29,1,0
BRDA:436,30,0,0
BRDA:436,30,1,0
BRDA:461,31,0,0
BRDA:461,31,1,0
BRDA:470,32,0,0
BRDA:470,32,1,0
BRDA:484,33,0,0
BRDA:484,33,1,0
BRDA:484,34,0,0
BRDA:484,34,1,0
BRDA:504,35,0,0
BRDA:504,35,1,0
BRDA:515,36,0,0
BRDA:515,36,1,0
BRDA:523,37,0,0
BRDA:523,37,1,0
BRDA:530,38,0,0
BRDA:530,38,1,0
BRDA:530,39,0,0
BRDA:530,39,1,0
BRDA:538,40,0,0
BRDA:538,40,1,0
BRDA:538,41,0,0
BRDA:538,41,1,0
BRDA:539,42,0,0
BRDA:539,42,1,0
BRDA:539,43,0,0
BRDA:539,43,1,0
BRDA:546,44,0,0
BRDA:546,44,1,0
BRDA:568,45,0,0
BRDA:568,45,1,0
BRDA:576,46,0,0
BRDA:576,46,1,0
BRDA:596,47,0,0
BRDA:596,47,1,0
BRDA:597,48,0,0
BRDA:597,48,1,0
BRDA:619,49,0,0
BRDA:619,49,1,0
BRDA:632,50,0,0
BRDA:632,50,1,0
BRDA:633,51,0,0
BRDA:633,51,1,0
BRDA:634,52,0,0
BRDA:634,52,1,0
BRDA:635,53,0,0
BRDA:635,53,1,0
BRDA:661,54,0,0
BRDA:661,54,1,0
BRDA:663,55,0,0
BRDA:663,55,1,0
BRDA:664,56,0,0
BRDA:664,56,1,0
BRDA:666,57,0,0
BRDA:666,57,1,0
BRDA:671,58,0,0
BRDA:671,58,1,0
BRDA:672,59,0,0
BRDA:672,59,1,0
BRDA:674,60,0,0
BRDA:674,60,1,0
BRDA:734,61,0,0
BRDA:734,61,1,0
BRDA:745,62,0,0
BRDA:745,62,1,0
BRDA:802,63,0,0
BRDA:802,63,1,0
BRDA:814,64,0,0
BRDA:814,64,1,0
BRDA:814,64,2,0
BRDA:823,65,0,0
BRDA:823,65,1,0
BRDA:824,66,0,0
BRDA:824,66,1,0
BRDA:827,67,0,0
BRDA:827,67,1,0
BRDA:831,68,0,0
BRDA:831,68,1,0
BRDA:831,69,0,0
BRDA:831,69,1,0
BRDA:833,70,0,0
BRDA:833,70,1,0
BRDA:833,71,0,0
BRDA:833,71,1,0
BRDA:837,72,0,0
BRDA:837,72,1,0
BRDA:843,73,0,0
BRDA:843,73,1,0
BRDA:844,74,0,0
BRDA:844,74,1,0
BRDA:848,75,0,0
BRDA:848,75,1,0
BRDA:848,76,0,0
BRDA:848,76,1,0
BRDA:856,77,0,0
BRDA:856,77,1,0
BRDA:856,77,2,0
BRDA:857,78,0,0
BRDA:857,78,1,0
BRDA:861,79,0,0
BRDA:861,79,1,0
BRDA:861,79,2,0
BRDA:867,80,0,0
BRDA:867,80,1,0
BRDA:871,81,0,0
BRDA:871,81,1,0
BRDA:876,82,0,0
BRDA:876,82,1,0
BRDA:876,82,2,0
BRDA:879,83,0,0
BRDA:879,83,1,0
BRDA:887,84,0,0
BRDA:887,84,1,0
BRDA:892,85,0,0
BRDA:892,85,1,0
BRDA:892,86,0,0
BRDA:892,86,1,0
BRDA:897,87,0,0
BRDA:897,87,1,0
BRDA:900,88,0,0
BRDA:900,88,1,0
BRDA:903,89,0,0
BRDA:903,89,1,0
BRDA:950,90,0,0
BRDA:950,90,1,0
BRDA:969,91,0,0
BRDA:969,91,1,0
BRDA:969,92,0,0
BRDA:969,92,1,0
BRDA:970,93,0,0
BRDA:970,93,1,0
BRDA:972,94,0,0
BRDA:972,94,1,0
BRDA:989,95,0,0
BRDA:989,95,1,0
BRF:195
BRH:0
end_of_record
TN:
SF:app/terms.tsx
FN:10,TermsScreen
FNF:1
FNH:0
FNDA:0,TermsScreen
DA:1,0
DA:2,0
DA:8,0
DA:10,0
DA:11,0
DA:124,0
LF:6
LH:0
BRF:0
BRH:0
end_of_record
TN:
SF:app/(tabs)/_layout.tsx
FN:8,TabLayout
FN:14,(anonymous_10)
FN:25,(anonymous_11)
FN:27,(anonymous_12)
FN:51,(anonymous_13)
FN:78,(anonymous_14)
FN:86,(anonymous_15)
FN:94,(anonymous_16)
FN:102,(anonymous_17)
FN:110,(anonymous_18)
FNF:10
FNH:0
FNDA:0,TabLayout
FNDA:0,(anonymous_10)
FNDA:0,(anonymous_11)
FNDA:0,(anonymous_12)
FNDA:0,(anonymous_13)
FNDA:0,(anonymous_14)
FNDA:0,(anonymous_15)
FNDA:0,(anonymous_16)
FNDA:0,(anonymous_17)
FNDA:0,(anonymous_18)
DA:1,0
DA:2,0
DA:3,0
DA:4,0
DA:5,0
DA:6,0
DA:8,0
DA:9,0
DA:10,0
DA:11,0
DA:13,0
DA:14,0
DA:25,0
DA:26,0
DA:27,0
DA:35,0
DA:51,0
DA:78,0
DA:86,0
DA:94,0
DA:102,0
DA:110,0
DA:135,0
LF:23
LH:0
BRDA:13,0,0,0
BRDA:13,0,1,0
BRDA:15,1,0,0
BRDA:15,1,1,0
BRDA:16,2,0,0
BRDA:16,2,1,0
BRDA:17,3,0,0
BRDA:17,3,1,0
BRDA:18,4,0,0
BRDA:18,4,1,0
BRDA:19,5,0,0
BRDA:19,5,1,0
BRDA:21,6,0,0
BRDA:21,6,1,0
BRDA:22,7,0,0
BRDA:22,7,1,0
BRF:16
BRH:0
end_of_record
TN:
SF:app/(tabs)/chat.tsx
FN:34,stripJSONCodeFences
FN:55,toStringArray
FN:57,(anonymous_12)
FN:63,(anonymous_13)
FN:71,coerceConfidence
FN:83,normalizeAIResponse
FN:94,ChatScreen
FN:104,(anonymous_17)
FN:108,(anonymous_18)
FN:112,(anonymous_19)
FN:113,(anonymous_20)
FN:116,(anonymous_21)
FN:122,(anonymous_22)
FN:126,(anonymous_23)
FN:130,(anonymous_24)
FN:136,(anonymous_25)
FN:142,(anonymous_26)
FN:155,(anonymous_27)
FN:161,(anonymous_28)
FN:171,(anonymous_29)
FN:177,(anonymous_30)
FN:178,(anonymous_31)
FN:205,(anonymous_32)
FN:206,(anonymous_33)
FN:213,(anonymous_34)
FN:219,(anonymous_35)
FN:221,(anonymous_36)
FN:229,(anonymous_37)
FN:238,(anonymous_38)
FN:240,(anonymous_39)
FN:246,(anonymous_40)
FN:269,(anonymous_41)
FN:277,(anonymous_42)
FN:284,(anonymous_43)
FN:309,(anonymous_44)
FN:371,(anonymous_45)
FN:376,(anonymous_46)
FN:377,(anonymous_47)
FN:438,(anonymous_48)
FN:439,(anonymous_49)
FN:505,(anonymous_50)
FNF:41
FNH:0
FNDA:0,stripJSONCodeFences
FNDA:0,toStringArray
FNDA:0,(anonymous_12)
FNDA:0,(anonymous_13)
FNDA:0,coerceConfidence
FNDA:0,normalizeAIResponse
FNDA:0,ChatScreen
FNDA:0,(anonymous_17)
FNDA:0,(anonymous_18)
FNDA:0,(anonymous_19)
FNDA:0,(anonymous_20)
FNDA:0,(anonymous_21)
FNDA:0,(anonymous_22)
FNDA:0,(anonymous_23)
FNDA:0,(anonymous_24)
FNDA:0,(anonymous_25)
FNDA:0,(anonymous_26)
FNDA:0,(anonymous_27)
FNDA:0,(anonymous_28)
FNDA:0,(anonymous_29)
FNDA:0,(anonymous_30)
FNDA:0,(anonymous_31)
FNDA:0,(anonymous_32)
FNDA:0,(anonymous_33)
FNDA:0,(anonymous_34)
FNDA:0,(anonymous_35)
FNDA:0,(anonymous_36)
FNDA:0,(anonymous_37)
FNDA:0,(anonymous_38)
FNDA:0,(anonymous_39)
FNDA:0,(anonymous_40)
FNDA:0,(anonymous_41)
FNDA:0,(anonymous_42)
FNDA:0,(anonymous_43)
FNDA:0,(anonymous_44)
FNDA:0,(anonymous_45)
FNDA:0,(anonymous_46)
FNDA:0,(anonymous_47)
FNDA:0,(anonymous_48)
FNDA:0,(anonymous_49)
FNDA:0,(anonymous_50)
DA:1,0
DA:2,0
DA:13,0
DA:14,0
DA:15,0
DA:16,0
DA:17,0
DA:18,0
DA:19,0
DA:20,0
DA:35,0
DA:36,0
DA:37,0
DA:38,0
DA:39,0
DA:40,0
DA:41,0
DA:43,0
DA:44,0
DA:45,0
DA:46,0
DA:48,0
DA:50,0
DA:51,0
DA:56,0
DA:57,0
DA:59,0
DA:60,0
DA:63,0
DA:65,0
DA:67,0
DA:68,0
DA:72,0
DA:73,0
DA:74,0
DA:75,0
DA:76,0
DA:77,0
DA:80,0
DA:84,0
DA:85,0
DA:86,0
DA:87,0
DA:89,0
DA:90,0
DA:94,0
DA:95,0
DA:96,0
DA:97,0
DA:98,0
DA:99,0
DA:100,0
DA:101,0
DA:102,0
DA:104,0
DA:106,0
DA:108,0
DA:109,0
DA:112,0
DA:113,0
DA:114,0
DA:115,0
DA:116,0
DA:118,0
DA:122,0
DA:123,0
DA:126,0
DA:127,0
DA:130,0
DA:131,0
DA:132,0
DA:136,0
DA:137,0
DA:138,0
DA:142,0
DA:143,0
DA:145,0
DA:146,0
DA:147,0
DA:150,0
DA:151,0
DA:152,0
DA:155,0
DA:156,0
DA:157,0
DA:158,0
DA:161,0
DA:162,0
DA:163,0
DA:164,0
DA:165,0
DA:166,0
DA:169,0
DA:171,0
DA:172,0
DA:173,0
DA:174,0
DA:175,0
DA:176,0
DA:177,0
DA:178,0
DA:180,0
DA:194,0
DA:195,0
DA:196,0
DA:198,0
DA:199,0
DA:201,0
DA:205,0
DA:206,0
DA:207,0
DA:208,0
DA:209,0
DA:213,0
DA:214,0
DA:215,0
DA:216,0
DA:219,0
DA:220,0
DA:221,0
DA:222,0
DA:223,0
DA:224,0
DA:226,0
DA:229,0
DA:230,0
DA:231,0
DA:232,0
DA:233,0
DA:235,0
DA:238,0
DA:239,0
DA:240,0
DA:241,0
DA:242,0
DA:246,0
DA:247,0
DA:248,0
DA:249,0
DA:250,0
DA:252,0
DA:253,0
DA:256,0
DA:269,0
DA:277,0
DA:284,0
DA:310,0
DA:372,0
DA:373,0
DA:376,0
DA:377,0
DA:439,0
DA:505,0
DA:513,0
LF:154
LH:0
BRDA:37,0,0,0
BRDA:37,0,1,0
BRDA:41,1,0,0
BRDA:41,1,1,0
BRDA:45,2,0,0
BRDA:45,2,1,0
BRDA:45,3,0,0
BRDA:45,3,1,0
BRDA:56,4,0,0
BRDA:56,4,1,0
BRDA:57,5,0,0
BRDA:57,5,1,0
BRDA:59,6,0,0
BRDA:59,6,1,0
BRDA:65,7,0,0
BRDA:65,7,1,0
BRDA:67,8,0,0
BRDA:67,8,1,0
BRDA:72,9,0,0
BRDA:72,9,1,0
BRDA:73,10,0,0
BRDA:73,10,1,0
BRDA:75,11,0,0
BRDA:75,11,1,0
BRDA:77,12,0,0
BRDA:77,12,1,0
BRDA:77,13,0,0
BRDA:77,13,1,0
BRDA:115,14,0,0
BRDA:115,14,1,0
BRDA:131,15,0,0
BRDA:131,15,1,0
BRDA:137,16,0,0
BRDA:137,16,1,0
BRDA:143,17,0,0
BRDA:143,17,1,0
BRDA:145,18,0,0
BRDA:145,18,1,0
BRDA:162,19,0,0
BRDA:162,19,1,0
BRDA:165,20,0,0
BRDA:165,20,1,0
BRDA:165,21,0,0
BRDA:165,21,1,0
BRDA:172,22,0,0
BRDA:172,22,1,0
BRDA:173,23,0,0
BRDA:173,23,1,0
BRDA:177,24,0,0
BRDA:177,24,1,0
BRDA:178,25,0,0
BRDA:178,25,1,0
BRDA:195,26,0,0
BRDA:195,26,1,0
BRDA:207,27,0,0
BRDA:207,27,1,0
BRDA:208,28,0,0
BRDA:208,28,1,0
BRDA:209,29,0,0
BRDA:209,29,1,0
BRDA:214,30,0,0
BRDA:214,30,1,0
BRDA:215,31,0,0
BRDA:215,31,1,0
BRDA:220,32,0,0
BRDA:220,32,1,0
BRDA:222,33,0,0
BRDA:222,33,1,0
BRDA:223,34,0,0
BRDA:223,34,1,0
BRDA:224,35,0,0
BRDA:224,35,1,0
BRDA:230,36,0,0
BRDA:230,36,1,0
BRDA:231,37,0,0
BRDA:231,37,1,0
BRDA:239,38,0,0
BRDA:239,38,1,0
BRDA:241,39,0,0
BRDA:241,39,1,0
BRDA:247,40,0,0
BRDA:247,40,1,0
BRDA:248,41,0,0
BRDA:248,41,1,0
BRDA:261,42,0,0
BRDA:261,42,1,0
BRDA:264,43,0,0
BRDA:264,43,1,0
BRDA:278,44,0,0
BRDA:278,44,1,0
BRDA:281,45,0,0
BRDA:281,45,1,0
BRDA:285,46,0,0
BRDA:285,46,1,0
BRDA:288,47,0,0
BRDA:288,47,1,0
BRDA:292,48,0,0
BRDA:292,48,1,0
BRDA:300,49,0,0
BRDA:300,49,1,0
BRDA:314,50,0,0
BRDA:314,50,1,0
BRDA:320,51,0,0
BRDA:320,51,1,0
BRDA:326,52,0,0
BRDA:326,52,1,0
BRDA:332,53,0,0
BRDA:332,53,1,0
BRDA:332,53,2,0
BRDA:341,54,0,0
BRDA:341,54,1,0
BRDA:341,54,2,0
BRDA:353,55,0,0
BRDA:353,55,1,0
BRDA:361,56,0,0
BRDA:361,56,1,0
BRDA:374,57,0,0
BRDA:374,57,1,0
BRDA:381,58,0,0
BRDA:381,58,1,0
BRDA:386,59,0,0
BRDA:386,59,1,0
BRDA:406,60,0,0
BRDA:406,60,1,0
BRDA:406,60,2,0
BRDA:417,61,0,0
BRDA:417,61,1,0
BRDA:424,62,0,0
BRDA:424,62,1,0
BRDA:428,63,0,0
BRDA:428,63,1,0
BRDA:434,64,0,0
BRDA:434,64,1,0
BRDA:434,64,2,0
BRDA:446,65,0,0
BRDA:446,65,1,0
BRDA:459,66,0,0
BRDA:459,66,1,0
BRDA:467,67,0,0
BRDA:467,67,1,0
BRDA:469,68,0,0
BRDA:469,68,1,0
BRDA:477,69,0,0
BRDA:477,69,1,0
BRDA:484,70,0,0
BRDA:484,70,1,0
BRDA:486,71,0,0
BRDA:486,71,1,0
BRDA:489,72,0,0
BRDA:489,72,1,0
BRDA:489,73,0,0
BRDA:489,73,1,0
BRDA:492,74,0,0
BRDA:492,74,1,0
BRDA:494,75,0,0
BRDA:494,75,1,0
BRDA:497,76,0,0
BRDA:497,76,1,0
BRF:158
BRH:0
end_of_record
TN:
SF:app/(tabs)/leaderboard.tsx
FN:53,LeaderboardScreen
FN:139,(anonymous_10)
FN:146,(anonymous_11)
FN:163,(anonymous_12)
FN:176,(anonymous_13)
FN:191,(anonymous_14)
FN:197,(anonymous_15)
FN:200,(anonymous_16)
FN:208,(anonymous_17)
FN:211,(anonymous_18)
FN:235,(anonymous_19)
FN:292,(anonymous_20)
FN:307,(anonymous_21)
FN:371,(anonymous_22)
FN:378,(anonymous_23)
FNF:15
FNH:0
FNDA:0,LeaderboardScreen
FNDA:0,(anonymous_10)
FNDA:0,(anonymous_11)
FNDA:0,(anonymous_12)
FNDA:0,(anonymous_13)
FNDA:0,(anonymous_14)
FNDA:0,(anonymous_15)
FNDA:0,(anonymous_16)
FNDA:0,(anonymous_17)
FNDA:0,(anonymous_18)
FNDA:0,(anonymous_19)
FNDA:0,(anonymous_20)
FNDA:0,(anonymous_21)
FNDA:0,(anonymous_22)
FNDA:0,(anonymous_23)
DA:1,0
DA:2,0
DA:12,0
DA:26,0
DA:53,0
DA:54,0
DA:55,0
DA:56,0
DA:57,0
DA:58,0
DA:59,0
DA:60,0
DA:63,0
DA:138,0
DA:140,0
DA:141,0
DA:144,0
DA:147,0
DA:149,0
DA:153,0
DA:155,0
DA:157,0
DA:159,0
DA:163,0
DA:164,0
DA:166,0
DA:168,0
DA:170,0
DA:172,0
DA:176,0
DA:177,0
DA:179,0
DA:181,0
DA:183,0
DA:185,0
DA:191,0
DA:192,0
DA:193,0
DA:194,0
DA:197,0
DA:198,0
DA:200,0
DA:208,0
DA:209,0
DA:211,0
DA:219,0
DA:235,0
DA:293,0
DA:294,0
DA:295,0
DA:299,0
DA:307,0
DA:371,0
DA:378,0
DA:428,0
LF:55
LH:0
BRDA:120,0,0,0
BRDA:120,0,1,0
BRDA:123,1,0,0
BRDA:123,1,1,0
BRDA:123,1,2,0
BRDA:124,2,0,0
BRDA:124,2,1,0
BRDA:124,2,2,0
BRDA:125,3,0,0
BRDA:125,3,1,0
BRDA:126,4,0,0
BRDA:126,4,1,0
BRDA:127,5,0,0
BRDA:127,5,1,0
BRDA:127,5,2,0
BRDA:131,6,0,0
BRDA:131,6,1,0
BRDA:132,7,0,0
BRDA:132,7,1,0
BRDA:140,8,0,0
BRDA:140,8,1,0
BRDA:141,9,0,0
BRDA:141,9,1,0
BRDA:147,10,0,0
BRDA:147,10,1,0
BRDA:147,10,2,0
BRDA:147,10,3,0
BRDA:147,10,4,0
BRDA:149,11,0,0
BRDA:149,11,1,0
BRDA:150,12,0,0
BRDA:150,12,1,0
BRDA:164,13,0,0
BRDA:164,13,1,0
BRDA:164,13,2,0
BRDA:164,13,3,0
BRDA:177,14,0,0
BRDA:177,14,1,0
BRDA:177,14,2,0
BRDA:177,14,3,0
BRDA:192,15,0,0
BRDA:192,15,1,0
BRDA:199,16,0,0
BRDA:199,16,1,0
BRDA:202,17,0,0
BRDA:202,17,1,0
BRDA:210,18,0,0
BRDA:210,18,1,0
BRDA:213,19,0,0
BRDA:213,19,1,0
BRDA:243,20,0,0
BRDA:243,20,1,0
BRDA:267,21,0,0
BRDA:267,21,1,0
BRDA:272,22,0,0
BRDA:272,22,1,0
BRDA:277,23,0,0
BRDA:277,23,1,0
BRDA:282,24,0,0
BRDA:282,24,1,0
BRDA:295,25,0,0
BRDA:295,25,1,0
BRDA:296,26,0,0
BRDA:296,26,1,0
BRDA:304,27,0,0
BRDA:304,27,1,0
BRDA:305,28,0,0
BRDA:305,28,1,0
BRDA:307,29,0,0
BRDA:307,29,1,0
BRDA:314,30,0,0
BRDA:314,30,1,0
BRDA:323,31,0,0
BRDA:323,31,1,0
BRDA:332,32,0,0
BRDA:332,32,1,0
BRDA:333,33,0,0
BRDA:333,33,1,0
BRDA:351,34,0,0
BRDA:351,34,1,0
BRDA:352,35,0,0
BRDA:352,35,1,0
BRDA:385,36,0,0
BRDA:385,36,1,0
BRDA:409,37,0,0
BRDA:409,37,1,0
BRDA:416,38,0,0
BRDA:416,38,1,0
BRF:88
BRH:0
end_of_record
TN:
SF:app/(tabs)/lessons.tsx
FN:169,LessonsScreen
FN:209,(anonymous_11)
FN:210,(anonymous_12)
FN:248,(anonymous_13)
FN:261,(anonymous_14)
FN:307,(anonymous_15)
FN:501,(anonymous_16)
FN:517,(anonymous_17)
FN:533,(anonymous_18)
FN:620,(anonymous_19)
FN:630,(anonymous_20)
FN:632,(anonymous_21)
FN:636,(anonymous_22)
FN:662,(anonymous_23)
FN:663,(anonymous_24)
FN:666,(anonymous_25)
FN:683,(anonymous_26)
FN:684,(anonymous_27)
FN:705,(anonymous_28)
FN:706,(anonymous_29)
FN:716,(anonymous_30)
FN:728,(anonymous_31)
FN:750,(anonymous_32)
FN:770,(anonymous_33)
FN:782,(anonymous_34)
FN:783,(anonymous_35)
FN:807,(anonymous_36)
FN:825,(anonymous_37)
FN:834,(anonymous_38)
FN:835,(anonymous_39)
FN:844,(anonymous_40)
FN:872,(anonymous_41)
FN:876,(anonymous_42)
FN:881,(anonymous_43)
FN:892,(anonymous_44)
FN:898,(anonymous_45)
FN:909,(anonymous_46)
FN:922,(anonymous_47)
FN:926,(anonymous_48)
FN:964,(anonymous_49)
FN:967,(anonymous_50)
FN:1001,(anonymous_51)
FN:1032,(anonymous_52)
FN:1047,(anonymous_53)
FN:1059,(anonymous_54)
FN:1085,(anonymous_55)
FN:1095,(anonymous_56)
FN:1111,(anonymous_57)
FN:1121,(anonymous_58)
FN:1155,(anonymous_59)
FN:1163,(anonymous_60)
FN:1172,(anonymous_61)
FN:1178,(anonymous_62)
FN:1215,(anonymous_63)
FN:1227,(anonymous_64)
FN:1233,(anonymous_65)
FN:1261,(anonymous_66)
FN:1268,(anonymous_67)
FN:1301,(anonymous_68)
FN:1326,(anonymous_69)
FN:1336,(anonymous_70)
FN:1364,(anonymous_71)
FN:1374,(anonymous_72)
FN:1396,(anonymous_73)
FN:1406,(anonymous_74)
FN:1429,(anonymous_75)
FN:1438,(anonymous_76)
FN:1457,(anonymous_77)
FN:1466,(anonymous_78)
FN:1468,(anonymous_79)
FN:1514,(anonymous_80)
FN:1528,(anonymous_81)
FN:1576,(anonymous_82)
FN:1583,(anonymous_83)
FN:1591,(anonymous_84)
FN:1632,(anonymous_85)
FN:1636,(anonymous_86)
FN:1646,(anonymous_87)
FN:1657,(anonymous_88)
FN:1766,(anonymous_89)
FNF:80
FNH:0
FNDA:0,LessonsScreen
FNDA:0,(anonymous_11)
FNDA:0,(anonymous_12)
FNDA:0,(anonymous_13)
FNDA:0,(anonymous_14)
FNDA:0,(anonymous_15)
FNDA:0,(anonymous_16)
FNDA:0,(anonymous_17)
FNDA:0,(anonymous_18)
FNDA:0,(anonymous_19)
FNDA:0,(anonymous_20)
FNDA:0,(anonymous_21)
FNDA:0,(anonymous_22)
FNDA:0,(anonymous_23)
FNDA:0,(anonymous_24)
FNDA:0,(anonymous_25)
FNDA:0,(anonymous_26)
FNDA:0,(anonymous_27)
FNDA:0,(anonymous_28)
FNDA:0,(anonymous_29)
FNDA:0,(anonymous_30)
FNDA:0,(anonymous_31)
FNDA:0,(anonymous_32)
FNDA:0,(anonymous_33)
FNDA:0,(anonymous_34)
FNDA:0,(anonymous_35)
FNDA:0,(anonymous_36)
FNDA:0,(anonymous_37)
FNDA:0,(anonymous_38)
FNDA:0,(anonymous_39)
FNDA:0,(anonymous_40)
FNDA:0,(anonymous_41)
FNDA:0,(anonymous_42)
FNDA:0,(anonymous_43)
FNDA:0,(anonymous_44)
FNDA:0,(anonymous_45)
FNDA:0,(anonymous_46)
FNDA:0,(anonymous_47)
FNDA:0,(anonymous_48)
FNDA:0,(anonymous_49)
FNDA:0,(anonymous_50)
FNDA:0,(anonymous_51)
FNDA:0,(anonymous_52)
FNDA:0,(anonymous_53)
FNDA:0,(anonymous_54)
FNDA:0,(anonymous_55)
FNDA:0,(anonymous_56)
FNDA:0,(anonymous_57)
FNDA:0,(anonymous_58)
FNDA:0,(anonymous_59)
FNDA:0,(anonymous_60)
FNDA:0,(anonymous_61)
FNDA:0,(anonymous_62)
FNDA:0,(anonymous_63)
FNDA:0,(anonymous_64)
FNDA:0,(anonymous_65)
FNDA:0,(anonymous_66)
FNDA:0,(anonymous_67)
FNDA:0,(anonymous_68)
FNDA:0,(anonymous_69)
FNDA:0,(anonymous_70)
FNDA:0,(anonymous_71)
FNDA:0,(anonymous_72)
FNDA:0,(anonymous_73)
FNDA:0,(anonymous_74)
FNDA:0,(anonymous_75)
FNDA:0,(anonymous_76)
FNDA:0,(anonymous_77)
FNDA:0,(anonymous_78)
FNDA:0,(anonymous_79)
FNDA:0,(anonymous_80)
FNDA:0,(anonymous_81)
FNDA:0,(anonymous_82)
FNDA:0,(anonymous_83)
FNDA:0,(anonymous_84)
FNDA:0,(anonymous_85)
FNDA:0,(anonymous_86)
FNDA:0,(anonymous_87)
FNDA:0,(anonymous_88)
FNDA:0,(anonymous_89)
DA:1,0
DA:2,0
DA:16,0
DA:17,0
DA:18,0
DA:46,0
DA:47,0
DA:48,0
DA:49,0
DA:50,0
DA:52,0
DA:169,0
DA:170,0
DA:171,0
DA:172,0
DA:173,0
DA:174,0
DA:175,0
DA:176,0
DA:177,0
DA:178,0
DA:179,0
DA:180,0
DA:181,0
DA:182,0
DA:183,0
DA:184,0
DA:185,0
DA:186,0
DA:187,0
DA:188,0
DA:189,0
DA:190,0
DA:191,0
DA:192,0
DA:193,0
DA:194,0
DA:195,0
DA:196,0
DA:197,0
DA:198,0
DA:199,0
DA:200,0
DA:202,0
DA:204,0
DA:209,0
DA:210,0
DA:212,0
DA:248,0
DA:249,0
DA:250,0
DA:251,0
DA:252,0
DA:253,0
DA:254,0
DA:255,0
DA:256,0
DA:257,0
DA:258,0
DA:261,0
DA:262,0
DA:263,0
DA:264,0
DA:265,0
DA:267,0
DA:307,0
DA:501,0
DA:502,0
DA:503,0
DA:506,0
DA:507,0
DA:510,0
DA:512,0
DA:513,0
DA:514,0
DA:515,0
DA:516,0
DA:517,0
DA:518,0
DA:519,0
DA:520,0
DA:521,0
DA:524,0
DA:533,0
DA:560,0
DA:575,0
DA:576,0
DA:579,0
DA:580,0
DA:583,0
DA:586,0
DA:587,0
DA:591,0
DA:594,0
DA:595,0
DA:596,0
DA:599,0
DA:601,0
DA:603,0
DA:620,0
DA:621,0
DA:623,0
DA:624,0
DA:626,0
DA:630,0
DA:631,0
DA:632,0
DA:633,0
DA:634,0
DA:636,0
DA:637,0
DA:638,0
DA:639,0
DA:640,0
DA:643,0
DA:662,0
DA:663,0
DA:666,0
DA:667,0
DA:668,0
DA:683,0
DA:684,0
DA:685,0
DA:686,0
DA:687,0
DA:691,0
DA:692,0
DA:693,0
DA:695,0
DA:696,0
DA:697,0
DA:700,0
DA:705,0
DA:706,0
DA:707,0
DA:708,0
DA:709,0
DA:711,0
DA:716,0
DA:717,0
DA:718,0
DA:719,0
DA:722,0
DA:723,0
DA:724,0
DA:727,0
DA:728,0
DA:729,0
DA:730,0
DA:731,0
DA:734,0
DA:735,0
DA:736,0
DA:737,0
DA:738,0
DA:739,0
DA:740,0
DA:741,0
DA:742,0
DA:743,0
DA:745,0
DA:746,0
DA:750,0
DA:751,0
DA:753,0
DA:754,0
DA:757,0
DA:758,0
DA:759,0
DA:762,0
DA:764,0
DA:766,0
DA:768,0
DA:769,0
DA:770,0
DA:771,0
DA:772,0
DA:775,0
DA:777,0
DA:779,0
DA:781,0
DA:782,0
DA:783,0
DA:785,0
DA:790,0
DA:791,0
DA:794,0
DA:795,0
DA:797,0
DA:803,0
DA:807,0
DA:819,0
DA:820,0
DA:825,0
DA:826,0
DA:827,0
DA:829,0
DA:834,0
DA:835,0
DA:836,0
DA:837,0
DA:838,0
DA:839,0
DA:840,0
DA:844,0
DA:845,0
DA:847,0
DA:848,0
DA:851,0
DA:852,0
DA:855,0
DA:856,0
DA:857,0
DA:858,0
DA:860,0
DA:869,0
DA:872,0
DA:873,0
DA:875,0
DA:876,0
DA:877,0
DA:878,0
DA:879,0
DA:881,0
DA:883,0
DA:888,0
DA:889,0
DA:892,0
DA:893,0
DA:894,0
DA:895,0
DA:898,0
DA:899,0
DA:900,0
DA:901,0
DA:902,0
DA:903,0
DA:904,0
DA:905,0
DA:909,0
DA:910,0
DA:911,0
DA:912,0
DA:913,0
DA:914,0
DA:915,0
DA:916,0
DA:917,0
DA:918,0
DA:922,0
DA:923,0
DA:924,0
DA:926,0
DA:927,0
DA:928,0
DA:931,0
DA:932,0
DA:935,0
DA:939,0
DA:941,0
DA:942,0
DA:943,0
DA:944,0
DA:945,0
DA:946,0
DA:947,0
DA:950,0
DA:952,0
DA:953,0
DA:956,0
DA:957,0
DA:958,0
DA:959,0
DA:961,0
DA:964,0
DA:965,0
DA:966,0
DA:967,0
DA:968,0
DA:969,0
DA:1002,0
DA:1003,0
DA:1004,0
DA:1033,0
DA:1034,0
DA:1047,0
DA:1048,0
DA:1050,0
DA:1051,0
DA:1053,0
DA:1059,0
DA:1086,0
DA:1095,0
DA:1112,0
DA:1121,0
DA:1156,0
DA:1157,0
DA:1164,0
DA:1165,0
DA:1173,0
DA:1179,0
DA:1180,0
DA:1181,0
DA:1216,0
DA:1217,0
DA:1228,0
DA:1234,0
DA:1235,0
DA:1236,0
DA:1262,0
DA:1269,0
DA:1270,0
DA:1271,0
DA:1272,0
DA:1302,0
DA:1303,0
DA:1327,0
DA:1336,0
DA:1365,0
DA:1374,0
DA:1397,0
DA:1406,0
DA:1430,0
DA:1439,0
DA:1440,0
DA:1441,0
DA:1442,0
DA:1444,0
DA:1446,0
DA:1458,0
DA:1467,0
DA:1468,0
DA:1469,0
DA:1470,0
DA:1471,0
DA:1472,0
DA:1474,0
DA:1475,0
DA:1514,0
DA:1528,0
DA:1529,0
DA:1576,0
DA:1583,0
DA:1592,0
DA:1633,0
DA:1636,0
DA:1647,0
DA:1649,0
DA:1657,0
DA:1766,0
DA:1775,0
DA:1776,0
DA:1777,0
DA:1779,0
DA:1782,0
DA:1785,0
LF:356
LH:0
BRDA:240,0,0,0
BRDA:240,0,1,0
BRDA:240,1,0,0
BRDA:240,1,1,0
BRDA:243,2,0,0
BRDA:243,2,1,0
BRDA:264,3,0,0
BRDA:264,3,1,0
BRDA:265,4,0,0
BRDA:265,4,1,0
BRDA:502,5,0,0
BRDA:502,5,1,0
BRDA:506,6,0,0
BRDA:506,6,1,0
BRDA:506,7,0,0
BRDA:506,7,1,0
BRDA:520,8,0,0
BRDA:520,8,1,0
BRDA:520,9,0,0
BRDA:520,9,1,0
BRDA:575,10,0,0
BRDA:575,10,1,0
BRDA:586,11,0,0
BRDA:586,11,1,0
BRDA:595,12,0,0
BRDA:595,12,1,0
BRDA:613,13,0,0
BRDA:613,13,1,0
BRDA:633,14,0,0
BRDA:633,14,1,0
BRDA:634,15,0,0
BRDA:634,15,1,0
BRDA:634,15,2,0
BRDA:634,15,3,0
BRDA:634,15,4,0
BRDA:634,15,5,0
BRDA:639,16,0,0
BRDA:639,16,1,0
BRDA:639,17,0,0
BRDA:639,17,1,0
BRDA:663,18,0,0
BRDA:663,18,1,0
BRDA:667,19,0,0
BRDA:667,19,1,0
BRDA:667,20,0,0
BRDA:667,20,1,0
BRDA:691,21,0,0
BRDA:691,21,1,0
BRDA:693,22,0,0
BRDA:693,22,1,0
BRDA:695,23,0,0
BRDA:695,23,1,0
BRDA:697,24,0,0
BRDA:697,24,1,0
BRDA:717,25,0,0
BRDA:717,25,1,0
BRDA:717,26,0,0
BRDA:717,26,1,0
BRDA:722,27,0,0
BRDA:722,27,1,0
BRDA:722,28,0,0
BRDA:722,28,1,0
BRDA:729,29,0,0
BRDA:729,29,1,0
BRDA:751,30,0,0
BRDA:751,30,1,0
BRDA:757,31,0,0
BRDA:757,31,1,0
BRDA:757,32,0,0
BRDA:757,32,1,0
BRDA:762,33,0,0
BRDA:762,33,1,0
BRDA:766,34,0,0
BRDA:766,34,1,0
BRDA:769,35,0,0
BRDA:769,35,1,0
BRDA:770,36,0,0
BRDA:770,36,1,0
BRDA:779,37,0,0
BRDA:779,37,1,0
BRDA:779,38,0,0
BRDA:779,38,1,0
BRDA:785,39,0,0
BRDA:785,39,1,0
BRDA:785,39,2,0
BRDA:785,39,3,0
BRDA:790,40,0,0
BRDA:790,40,1,0
BRDA:790,41,0,0
BRDA:790,41,1,0
BRDA:797,42,0,0
BRDA:797,42,1,0
BRDA:799,43,0,0
BRDA:799,43,1,0
BRDA:803,44,0,0
BRDA:803,44,1,0
BRDA:805,45,0,0
BRDA:805,45,1,0
BRDA:819,46,0,0
BRDA:819,46,1,0
BRDA:821,47,0,0
BRDA:821,47,1,0
BRDA:826,48,0,0
BRDA:826,48,1,0
BRDA:857,49,0,0
BRDA:857,49,1,0
BRDA:873,50,0,0
BRDA:873,50,1,0
BRDA:877,51,0,0
BRDA:877,51,1,0
BRDA:878,52,0,0
BRDA:878,52,1,0
BRDA:884,53,0,0
BRDA:884,53,1,0
BRDA:885,54,0,0
BRDA:885,54,1,0
BRDA:899,55,0,0
BRDA:899,55,1,0
BRDA:899,55,2,0
BRDA:899,55,3,0
BRDA:899,55,4,0
BRDA:899,55,5,0
BRDA:910,56,0,0
BRDA:910,56,1,0
BRDA:910,56,2,0
BRDA:910,56,3,0
BRDA:910,56,4,0
BRDA:910,56,5,0
BRDA:910,56,6,0
BRDA:910,56,7,0
BRDA:928,57,0,0
BRDA:928,57,1,0
BRDA:928,58,0,0
BRDA:928,58,1,0
BRDA:931,59,0,0
BRDA:931,59,1,0
BRDA:931,60,0,0
BRDA:931,60,1,0
BRDA:935,61,0,0
BRDA:935,61,1,0
BRDA:937,62,0,0
BRDA:937,62,1,0
BRDA:939,63,0,0
BRDA:939,63,1,0
BRDA:943,64,0,0
BRDA:943,64,1,0
BRDA:946,65,0,0
BRDA:946,65,1,0
BRDA:965,66,0,0
BRDA:965,66,1,0
BRDA:1003,67,0,0
BRDA:1003,67,1,0
BRDA:1007,68,0,0
BRDA:1007,68,1,0
BRDA:1008,69,0,0
BRDA:1008,69,1,0
BRDA:1009,70,0,0
BRDA:1009,70,1,0
BRDA:1012,71,0,0
BRDA:1012,71,1,0
BRDA:1016,72,0,0
BRDA:1016,72,1,0
BRDA:1020,73,0,0
BRDA:1020,73,1,0
BRDA:1048,74,0,0
BRDA:1048,74,1,0
BRDA:1083,75,0,0
BRDA:1083,75,1,0
BRDA:1083,75,2,0
BRDA:1091,76,0,0
BRDA:1091,76,1,0
BRDA:1092,77,0,0
BRDA:1092,77,1,0
BRDA:1092,77,2,0
BRDA:1093,78,0,0
BRDA:1093,78,1,0
BRDA:1093,78,2,0
BRDA:1093,78,3,0
BRDA:1095,79,0,0
BRDA:1095,79,1,0
BRDA:1100,80,0,0
BRDA:1100,80,1,0
BRDA:1109,81,0,0
BRDA:1109,81,1,0
BRDA:1109,81,2,0
BRDA:1117,82,0,0
BRDA:1117,82,1,0
BRDA:1118,83,0,0
BRDA:1118,83,1,0
BRDA:1118,83,2,0
BRDA:1119,84,0,0
BRDA:1119,84,1,0
BRDA:1119,84,2,0
BRDA:1119,84,3,0
BRDA:1121,85,0,0
BRDA:1121,85,1,0
BRDA:1126,86,0,0
BRDA:1126,86,1,0
BRDA:1135,87,0,0
BRDA:1135,87,1,0
BRDA:1142,88,0,0
BRDA:1142,88,1,0
BRDA:1151,89,0,0
BRDA:1151,89,1,0
BRDA:1151,89,2,0
BRDA:1152,90,0,0
BRDA:1152,90,1,0
BRDA:1152,90,2,0
BRDA:1164,91,0,0
BRDA:1164,91,1,0
BRDA:1179,92,0,0
BRDA:1179,92,1,0
BRDA:1190,93,0,0
BRDA:1190,93,1,0
BRDA:1199,94,0,0
BRDA:1199,94,1,0
BRDA:1211,95,0,0
BRDA:1211,95,1,0
BRDA:1211,95,2,0
BRDA:1212,96,0,0
BRDA:1212,96,1,0
BRDA:1212,96,2,0
BRDA:1234,97,0,0
BRDA:1234,97,1,0
BRDA:1245,98,0,0
BRDA:1245,98,1,0
BRDA:1248,99,0,0
BRDA:1248,99,1,0
BRDA:1254,100,0,0
BRDA:1254,100,1,0
BRDA:1254,100,2,0
BRDA:1266,101,0,0
BRDA:1266,101,1,0
BRDA:1269,102,0,0
BRDA:1269,102,1,0
BRDA:1269,103,0,0
BRDA:1269,103,1,0
BRDA:1275,104,0,0
BRDA:1275,104,1,0
BRDA:1279,105,0,0
BRDA:1279,105,1,0
BRDA:1290,106,0,0
BRDA:1290,106,1,0
BRDA:1297,107,0,0
BRDA:1297,107,1,0
BRDA:1297,107,2,0
BRDA:1313,108,0,0
BRDA:1313,108,1,0
BRDA:1313,108,2,0
BRDA:1321,109,0,0
BRDA:1321,109,1,0
BRDA:1332,110,0,0
BRDA:1332,110,1,0
BRDA:1333,111,0,0
BRDA:1333,111,1,0
BRDA:1333,111,2,0
BRDA:1334,112,0,0
BRDA:1334,112,1,0
BRDA:1334,112,2,0
BRDA:1334,112,3,0
BRDA:1336,113,0,0
BRDA:1336,113,1,0
BRDA:1341,114,0,0
BRDA:1341,114,1,0
BRDA:1351,115,0,0
BRDA:1351,115,1,0
BRDA:1351,115,2,0
BRDA:1359,116,0,0
BRDA:1359,116,1,0
BRDA:1370,117,0,0
BRDA:1370,117,1,0
BRDA:1371,118,0,0
BRDA:1371,118,1,0
BRDA:1371,118,2,0
BRDA:1372,119,0,0
BRDA:1372,119,1,0
BRDA:1372,119,2,0
BRDA:1372,119,3,0
BRDA:1374,120,0,0
BRDA:1374,120,1,0
BRDA:1379,121,0,0
BRDA:1379,121,1,0
BRDA:1389,122,0,0
BRDA:1389,122,1,0
BRDA:1389,122,2,0
BRDA:1402,123,0,0
BRDA:1402,123,1,0
BRDA:1403,124,0,0
BRDA:1403,124,1,0
BRDA:1403,124,2,0
BRDA:1404,125,0,0
BRDA:1404,125,1,0
BRDA:1404,125,2,0
BRDA:1404,125,3,0
BRDA:1406,126,0,0
BRDA:1406,126,1,0
BRDA:1411,127,0,0
BRDA:1411,127,1,0
BRDA:1421,128,0,0
BRDA:1421,128,1,0
BRDA:1421,128,2,0
BRDA:1435,129,0,0
BRDA:1435,129,1,0
BRDA:1436,130,0,0
BRDA:1436,130,1,0
BRDA:1439,131,0,0
BRDA:1439,131,1,0
BRDA:1441,132,0,0
BRDA:1441,132,1,0
BRDA:1463,133,0,0
BRDA:1463,133,1,0
BRDA:1464,134,0,0
BRDA:1464,134,1,0
BRDA:1467,135,0,0
BRDA:1467,135,1,0
BRDA:1469,136,0,0
BRDA:1469,136,1,0
BRDA:1474,137,0,0
BRDA:1474,137,1,0
BRDA:1490,138,0,0
BRDA:1490,138,1,0
BRDA:1490,138,2,0
BRDA:1491,139,0,0
BRDA:1491,139,1,0
BRDA:1493,140,0,0
BRDA:1493,140,1,0
BRDA:1498,141,0,0
BRDA:1498,141,1,0
BRDA:1499,142,0,0
BRDA:1499,142,1,0
BRDA:1512,143,0,0
BRDA:1512,143,1,0
BRDA:1512,143,2,0
BRDA:1512,143,3,0
BRDA:1512,143,4,0
BRDA:1512,143,5,0
BRDA:1514,144,0,0
BRDA:1514,144,1,0
BRDA:1514,145,0,0
BRDA:1514,145,1,0
BRDA:1515,146,0,0
BRDA:1515,146,1,0
BRDA:1515,146,2,0
BRDA:1515,146,3,0
BRDA:1515,146,4,0
BRDA:1518,147,0,0
BRDA:1518,147,1,0
BRDA:1518,148,0,0
BRDA:1518,148,1,0
BRDA:1542,149,0,0
BRDA:1542,149,1,0
BRDA:1547,150,0,0
BRDA:1547,150,1,0
BRDA:1555,151,0,0
BRDA:1555,151,1,0
BRDA:1561,152,0,0
BRDA:1561,152,1,0
BRDA:1564,153,0,0
BRDA:1564,153,1,0
BRDA:1575,154,0,0
BRDA:1575,154,1,0
BRDA:1578,155,0,0
BRDA:1578,155,1,0
BRDA:1582,156,0,0
BRDA:1582,156,1,0
BRDA:1585,157,0,0
BRDA:1585,157,1,0
BRDA:1591,158,0,0
BRDA:1591,158,1,0
BRDA:1616,159,0,0
BRDA:1616,159,1,0
BRDA:1637,160,0,0
BRDA:1637,160,1,0
BRDA:1639,161,0,0
BRDA:1639,161,1,0
BRDA:1640,162,0,0
BRDA:1640,162,1,0
BRDA:1654,163,0,0
BRDA:1654,163,1,0
BRDA:1654,163,2,0
BRDA:1655,164,0,0
BRDA:1655,164,1,0
BRDA:1658,165,0,0
BRDA:1658,165,1,0
BRDA:1658,165,2,0
BRDA:1663,166,0,0
BRDA:1663,166,1,0
BRDA:1665,167,0,0
BRDA:1665,167,1,0
BRDA:1667,168,0,0
BRDA:1667,168,1,0
BRDA:1667,169,0,0
BRDA:1667,169,1,0
BRDA:1669,170,0,0
BRDA:1669,170,1,0
BRDA:1695,171,0,0
BRDA:1695,171,1,0
BRDA:1702,172,0,0
BRDA:1702,172,1,0
BRDA:1702,172,2,0
BRDA:1726,173,0,0
BRDA:1726,173,1,0
BRDA:1732,174,0,0
BRDA:1732,174,1,0
BRDA:1739,175,0,0
BRDA:1739,175,1,0
BRDA:1739,175,2,0
BRDA:1775,176,0,0
BRDA:1775,176,1,0
BRDA:1776,177,0,0
BRDA:1776,177,1,0
BRF:411
BRH:0
end_of_record
TN:
SF:app/(tabs)/modules.tsx
FN:46,ModulesScreen
FN:182,(anonymous_11)
FN:187,(anonymous_12)
FN:196,(anonymous_13)
FN:197,(anonymous_14)
FN:206,(anonymous_15)
FN:211,(anonymous_16)
FN:212,(anonymous_17)
FN:214,(anonymous_18)
FN:221,(anonymous_19)
FN:230,(anonymous_20)
FN:240,(anonymous_21)
FN:257,(anonymous_22)
FN:267,(anonymous_23)
FN:291,(anonymous_24)
FN:299,(anonymous_25)
FN:307,(anonymous_26)
FN:315,(anonymous_27)
FN:323,(anonymous_28)
FN:331,(anonymous_29)
FN:339,(anonymous_30)
FN:347,(anonymous_31)
FN:355,(anonymous_32)
FN:363,(anonymous_33)
FN:374,(anonymous_34)
FN:385,(anonymous_35)
FN:386,(anonymous_36)
FN:387,(anonymous_37)
FN:424,(anonymous_38)
FN:445,(anonymous_39)
FN:455,(anonymous_40)
FN:526,(anonymous_41)
FN:534,(anonymous_42)
FN:582,(anonymous_43)
FN:583,(anonymous_44)
FN:593,(anonymous_45)
FN:601,(anonymous_46)
FN:609,(anonymous_47)
FNF:38
FNH:0
FNDA:0,ModulesScreen
FNDA:0,(anonymous_11)
FNDA:0,(anonymous_12)
FNDA:0,(anonymous_13)
FNDA:0,(anonymous_14)
FNDA:0,(anonymous_15)
FNDA:0,(anonymous_16)
FNDA:0,(anonymous_17)
FNDA:0,(anonymous_18)
FNDA:0,(anonymous_19)
FNDA:0,(anonymous_20)
FNDA:0,(anonymous_21)
FNDA:0,(anonymous_22)
FNDA:0,(anonymous_23)
FNDA:0,(anonymous_24)
FNDA:0,(anonymous_25)
FNDA:0,(anonymous_26)
FNDA:0,(anonymous_27)
FNDA:0,(anonymous_28)
FNDA:0,(anonymous_29)
FNDA:0,(anonymous_30)
FNDA:0,(anonymous_31)
FNDA:0,(anonymous_32)
FNDA:0,(anonymous_33)
FNDA:0,(anonymous_34)
FNDA:0,(anonymous_35)
FNDA:0,(anonymous_36)
FNDA:0,(anonymous_37)
FNDA:0,(anonymous_38)
FNDA:0,(anonymous_39)
FNDA:0,(anonymous_40)
FNDA:0,(anonymous_41)
FNDA:0,(anonymous_42)
FNDA:0,(anonymous_43)
FNDA:0,(anonymous_44)
FNDA:0,(anonymous_45)
FNDA:0,(anonymous_46)
FNDA:0,(anonymous_47)
DA:1,0
DA:2,0
DA:11,0
DA:12,0
DA:13,0
DA:30,0
DA:31,0
DA:32,0
DA:33,0
DA:34,0
DA:35,0
DA:36,0
DA:37,0
DA:38,0
DA:39,0
DA:40,0
DA:41,0
DA:43,0
DA:44,0
DA:46,0
DA:47,0
DA:48,0
DA:49,0
DA:50,0
DA:51,0
DA:52,0
DA:53,0
DA:54,0
DA:56,0
DA:57,0
DA:59,0
DA:182,0
DA:183,0
DA:184,0
DA:187,0
DA:188,0
DA:189,0
DA:190,0
DA:191,0
DA:192,0
DA:193,0
DA:196,0
DA:197,0
DA:198,0
DA:199,0
DA:201,0
DA:202,0
DA:205,0
DA:206,0
DA:207,0
DA:208,0
DA:211,0
DA:212,0
DA:213,0
DA:214,0
DA:217,0
DA:218,0
DA:221,0
DA:222,0
DA:224,0
DA:227,0
DA:230,0
DA:231,0
DA:233,0
DA:236,0
DA:237,0
DA:240,0
DA:241,0
DA:242,0
DA:243,0
DA:247,0
DA:248,0
DA:249,0
DA:250,0
DA:251,0
DA:252,0
DA:253,0
DA:257,0
DA:258,0
DA:259,0
DA:260,0
DA:261,0
DA:262,0
DA:263,0
DA:267,0
DA:268,0
DA:269,0
DA:270,0
DA:271,0
DA:272,0
DA:273,0
DA:274,0
DA:275,0
DA:276,0
DA:277,0
DA:278,0
DA:279,0
DA:284,0
DA:285,0
DA:287,0
DA:291,0
DA:295,0
DA:299,0
DA:303,0
DA:307,0
DA:311,0
DA:315,0
DA:319,0
DA:323,0
DA:327,0
DA:331,0
DA:335,0
DA:339,0
DA:343,0
DA:347,0
DA:351,0
DA:355,0
DA:359,0
DA:363,0
DA:367,0
DA:374,0
DA:385,0
DA:386,0
DA:387,0
DA:389,0
DA:424,0
DA:446,0
DA:448,0
DA:455,0
DA:526,0
DA:534,0
DA:582,0
DA:584,0
DA:585,0
DA:593,0
DA:601,0
DA:609,0
DA:617,0
LF:138
LH:0
BRDA:190,0,0,0
BRDA:190,0,1,0
BRDA:198,1,0,0
BRDA:198,1,1,0
BRDA:199,2,0,0
BRDA:199,2,1,0
BRDA:217,3,0,0
BRDA:217,3,1,0
BRDA:231,4,0,0
BRDA:231,4,1,0
BRDA:231,5,0,0
BRDA:231,5,1,0
BRDA:241,6,0,0
BRDA:241,6,1,0
BRDA:242,7,0,0
BRDA:242,7,1,0
BRDA:242,8,0,0
BRDA:242,8,1,0
BRDA:244,9,0,0
BRDA:244,9,1,0
BRDA:247,10,0,0
BRDA:247,10,1,0
BRDA:251,11,0,0
BRDA:251,11,1,0
BRDA:251,12,0,0
BRDA:251,12,1,0
BRDA:258,13,0,0
BRDA:258,13,1,0
BRDA:258,13,2,0
BRDA:258,13,3,0
BRDA:258,13,4,0
BRDA:268,14,0,0
BRDA:268,14,1,0
BRDA:268,14,2,0
BRDA:268,14,3,0
BRDA:268,14,4,0
BRDA:268,14,5,0
BRDA:268,14,6,0
BRDA:268,14,7,0
BRDA:268,14,8,0
BRDA:268,14,9,0
BRDA:268,14,10,0
BRDA:284,15,0,0
BRDA:284,15,1,0
BRDA:284,16,0,0
BRDA:284,16,1,0
BRDA:285,17,0,0
BRDA:285,17,1,0
BRDA:285,17,2,0
BRDA:285,17,3,0
BRDA:285,17,4,0
BRDA:285,17,5,0
BRDA:285,17,6,0
BRDA:285,17,7,0
BRDA:285,17,8,0
BRDA:285,17,9,0
BRDA:285,17,10,0
BRDA:385,18,0,0
BRDA:385,18,1,0
BRDA:387,19,0,0
BRDA:387,19,1,0
BRDA:398,20,0,0
BRDA:398,20,1,0
BRDA:430,21,0,0
BRDA:430,21,1,0
BRDA:434,22,0,0
BRDA:434,22,1,0
BRDA:453,23,0,0
BRDA:453,23,1,0
BRDA:456,24,0,0
BRDA:456,24,1,0
BRDA:466,25,0,0
BRDA:466,25,1,0
BRDA:527,26,0,0
BRDA:527,26,1,0
BRDA:529,27,0,0
BRDA:529,27,1,0
BRDA:535,28,0,0
BRDA:535,28,1,0
BRDA:537,29,0,0
BRDA:537,29,1,0
BRDA:541,30,0,0
BRDA:541,30,1,0
BRDA:576,31,0,0
BRDA:576,31,1,0
BRDA:576,31,2,0
BRDA:580,32,0,0
BRDA:580,32,1,0
BRDA:581,33,0,0
BRDA:581,33,1,0
BRDA:584,34,0,0
BRDA:584,34,1,0
BRF:92
BRH:0
end_of_record
TN:
SF:app/(tabs)/profile.tsx
FN:90,ProfileScreen
FN:133,(anonymous_11)
FN:135,(anonymous_12)
FN:136,(anonymous_13)
FN:150,(anonymous_14)
FN:177,(anonymous_15)
FN:179,(anonymous_16)
FN:188,(anonymous_17)
FN:202,(anonymous_18)
FN:203,(anonymous_19)
FN:206,(anonymous_20)
FN:212,(anonymous_21)
FN:243,(anonymous_22)
FN:250,(anonymous_23)
FN:271,(anonymous_24)
FN:276,(anonymous_25)
FN:293,(anonymous_26)
FN:302,(anonymous_27)
FN:481,(anonymous_28)
FN:488,(anonymous_29)
FN:505,(anonymous_30)
FN:518,(anonymous_31)
FN:531,(anonymous_32)
FN:537,(anonymous_33)
FN:540,(anonymous_34)
FN:548,(anonymous_35)
FN:551,(anonymous_36)
FN:601,(anonymous_37)
FN:610,(anonymous_38)
FN:620,(anonymous_39)
FN:644,(anonymous_40)
FN:645,(anonymous_41)
FN:646,(anonymous_42)
FN:663,(anonymous_43)
FN:664,(anonymous_44)
FN:665,(anonymous_45)
FN:683,(anonymous_46)
FN:684,(anonymous_47)
FN:685,(anonymous_48)
FN:693,(anonymous_49)
FN:713,(anonymous_50)
FN:714,(anonymous_51)
FN:715,(anonymous_52)
FN:723,(anonymous_53)
FN:770,(anonymous_54)
FN:854,(anonymous_55)
FN:874,(anonymous_56)
FN:881,(anonymous_57)
FN:899,(anonymous_58)
FN:929,(anonymous_59)
FN:985,(anonymous_60)
FN:1001,(anonymous_61)
FN:1002,(anonymous_62)
FN:1003,(anonymous_63)
FN:1025,(anonymous_64)
FN:1048,(anonymous_65)
FN:1058,(anonymous_66)
FN:1059,(anonymous_67)
FN:1092,(anonymous_68)
FN:1129,(anonymous_69)
FN:1165,(anonymous_70)
FN:1222,(anonymous_71)
FN:1237,(anonymous_72)
FN:1314,(anonymous_73)
FN:1365,(anonymous_74)
FN:1369,(anonymous_75)
FN:1401,(anonymous_76)
FN:1408,(anonymous_77)
FN:1408,(anonymous_78)
FN:1411,(anonymous_79)
FN:1425,(anonymous_80)
FN:1435,(anonymous_81)
FN:1442,(anonymous_82)
FNF:73
FNH:0
FNDA:0,ProfileScreen
FNDA:0,(anonymous_11)
FNDA:0,(anonymous_12)
FNDA:0,(anonymous_13)
FNDA:0,(anonymous_14)
FNDA:0,(anonymous_15)
FNDA:0,(anonymous_16)
FNDA:0,(anonymous_17)
FNDA:0,(anonymous_18)
FNDA:0,(anonymous_19)
FNDA:0,(anonymous_20)
FNDA:0,(anonymous_21)
FNDA:0,(anonymous_22)
FNDA:0,(anonymous_23)
FNDA:0,(anonymous_24)
FNDA:0,(anonymous_25)
FNDA:0,(anonymous_26)
FNDA:0,(anonymous_27)
FNDA:0,(anonymous_28)
FNDA:0,(anonymous_29)
FNDA:0,(anonymous_30)
FNDA:0,(anonymous_31)
FNDA:0,(anonymous_32)
FNDA:0,(anonymous_33)
FNDA:0,(anonymous_34)
FNDA:0,(anonymous_35)
FNDA:0,(anonymous_36)
FNDA:0,(anonymous_37)
FNDA:0,(anonymous_38)
FNDA:0,(anonymous_39)
FNDA:0,(anonymous_40)
FNDA:0,(anonymous_41)
FNDA:0,(anonymous_42)
FNDA:0,(anonymous_43)
FNDA:0,(anonymous_44)
FNDA:0,(anonymous_45)
FNDA:0,(anonymous_46)
FNDA:0,(anonymous_47)
FNDA:0,(anonymous_48)
FNDA:0,(anonymous_49)
FNDA:0,(anonymous_50)
FNDA:0,(anonymous_51)
FNDA:0,(anonymous_52)
FNDA:0,(anonymous_53)
FNDA:0,(anonymous_54)
FNDA:0,(anonymous_55)
FNDA:0,(anonymous_56)
FNDA:0,(anonymous_57)
FNDA:0,(anonymous_58)
FNDA:0,(anonymous_59)
FNDA:0,(anonymous_60)
FNDA:0,(anonymous_61)
FNDA:0,(anonymous_62)
FNDA:0,(anonymous_63)
FNDA:0,(anonymous_64)
FNDA:0,(anonymous_65)
FNDA:0,(anonymous_66)
FNDA:0,(anonymous_67)
FNDA:0,(anonymous_68)
FNDA:0,(anonymous_69)
FNDA:0,(anonymous_70)
FNDA:0,(anonymous_71)
FNDA:0,(anonymous_72)
FNDA:0,(anonymous_73)
FNDA:0,(anonymous_74)
FNDA:0,(anonymous_75)
FNDA:0,(anonymous_76)
FNDA:0,(anonymous_77)
FNDA:0,(anonymous_78)
FNDA:0,(anonymous_79)
FNDA:0,(anonymous_80)
FNDA:0,(anonymous_81)
FNDA:0,(anonymous_82)
DA:1,0
DA:2,0
DA:17,0
DA:18,0
DA:51,0
DA:52,0
DA:53,0
DA:54,0
DA:55,0
DA:56,0
DA:90,0
DA:91,0
DA:92,0
DA:93,0
DA:94,0
DA:95,0
DA:96,0
DA:97,0
DA:98,0
DA:100,0
DA:101,0
DA:102,0
DA:105,0
DA:106,0
DA:107,0
DA:108,0
DA:109,0
DA:110,0
DA:112,0
DA:124,0
DA:131,0
DA:133,0
DA:135,0
DA:136,0
DA:137,0
DA:138,0
DA:139,0
DA:140,0
DA:141,0
DA:144,0
DA:147,0
DA:150,0
DA:151,0
DA:152,0
DA:153,0
DA:154,0
DA:156,0
DA:157,0
DA:158,0
DA:164,0
DA:165,0
DA:166,0
DA:167,0
DA:168,0
DA:170,0
DA:171,0
DA:173,0
DA:177,0
DA:178,0
DA:179,0
DA:180,0
DA:181,0
DA:183,0
DA:184,0
DA:188,0
DA:189,0
DA:190,0
DA:191,0
DA:192,0
DA:193,0
DA:194,0
DA:195,0
DA:196,0
DA:197,0
DA:198,0
DA:199,0
DA:202,0
DA:203,0
DA:206,0
DA:207,0
DA:208,0
DA:209,0
DA:212,0
DA:213,0
DA:215,0
DA:216,0
DA:219,0
DA:220,0
DA:221,0
DA:222,0
DA:225,0
DA:226,0
DA:227,0
DA:228,0
DA:231,0
DA:232,0
DA:233,0
DA:234,0
DA:235,0
DA:239,0
DA:240,0
DA:243,0
DA:244,0
DA:246,0
DA:248,0
DA:250,0
DA:253,0
DA:259,0
DA:260,0
DA:265,0
DA:267,0
DA:271,0
DA:272,0
DA:274,0
DA:276,0
DA:278,0
DA:284,0
DA:285,0
DA:287,0
DA:289,0
DA:293,0
DA:294,0
DA:303,0
DA:304,0
DA:305,0
DA:312,0
DA:347,0
DA:377,0
DA:405,0
DA:480,0
DA:482,0
DA:483,0
DA:486,0
DA:489,0
DA:491,0
DA:495,0
DA:497,0
DA:499,0
DA:501,0
DA:505,0
DA:506,0
DA:508,0
DA:510,0
DA:512,0
DA:514,0
DA:518,0
DA:519,0
DA:521,0
DA:523,0
DA:525,0
DA:527,0
DA:531,0
DA:532,0
DA:533,0
DA:534,0
DA:537,0
DA:538,0
DA:540,0
DA:548,0
DA:549,0
DA:551,0
DA:560,0
DA:561,0
DA:601,0
DA:610,0
DA:620,0
DA:645,0
DA:646,0
DA:664,0
DA:665,0
DA:684,0
DA:685,0
DA:693,0
DA:714,0
DA:715,0
DA:723,0
DA:771,0
DA:772,0
DA:773,0
DA:813,0
DA:854,0
DA:875,0
DA:881,0
DA:900,0
DA:901,0
DA:930,0
DA:931,0
DA:933,0
DA:986,0
DA:987,0
DA:1002,0
DA:1003,0
DA:1004,0
DA:1005,0
DA:1026,0
DA:1049,0
DA:1058,0
DA:1059,0
DA:1060,0
DA:1061,0
DA:1062,0
DA:1064,0
DA:1065,0
DA:1066,0
DA:1093,0
DA:1130,0
DA:1165,0
DA:1223,0
DA:1224,0
DA:1225,0
DA:1229,0
DA:1237,0
DA:1314,0
DA:1366,0
DA:1369,0
DA:1402,0
DA:1408,0
DA:1411,0
DA:1425,0
DA:1435,0
DA:1442,0
DA:1492,0
LF:222
LH:0
BRDA:92,0,0,0
BRDA:92,0,1,0
BRDA:112,1,0,0
BRDA:112,1,1,0
BRDA:140,2,0,0
BRDA:140,2,1,0
BRDA:152,3,0,0
BRDA:152,3,1,0
BRDA:190,4,0,0
BRDA:190,4,1,0
BRDA:203,5,0,0
BRDA:203,5,1,0
BRDA:215,6,0,0
BRDA:215,6,1,0
BRDA:215,7,0,0
BRDA:215,7,1,0
BRDA:219,8,0,0
BRDA:219,8,1,0
BRDA:221,9,0,0
BRDA:221,9,1,0
BRDA:225,10,0,0
BRDA:225,10,1,0
BRDA:227,11,0,0
BRDA:227,11,1,0
BRDA:231,12,0,0
BRDA:231,12,1,0
BRDA:232,13,0,0
BRDA:232,13,1,0
BRDA:234,14,0,0
BRDA:234,14,1,0
BRDA:244,15,0,0
BRDA:244,15,1,0
BRDA:254,16,0,0
BRDA:254,16,1,0
BRDA:262,17,0,0
BRDA:262,17,1,0
BRDA:326,18,0,0
BRDA:326,18,1,0
BRDA:462,19,0,0
BRDA:462,19,1,0
BRDA:465,20,0,0
BRDA:465,20,1,0
BRDA:465,20,2,0
BRDA:466,21,0,0
BRDA:466,21,1,0
BRDA:466,21,2,0
BRDA:467,22,0,0
BRDA:467,22,1,0
BRDA:468,23,0,0
BRDA:468,23,1,0
BRDA:469,24,0,0
BRDA:469,24,1,0
BRDA:469,24,2,0
BRDA:473,25,0,0
BRDA:473,25,1,0
BRDA:474,26,0,0
BRDA:474,26,1,0
BRDA:482,27,0,0
BRDA:482,27,1,0
BRDA:483,28,0,0
BRDA:483,28,1,0
BRDA:489,29,0,0
BRDA:489,29,1,0
BRDA:489,29,2,0
BRDA:489,29,3,0
BRDA:489,29,4,0
BRDA:491,30,0,0
BRDA:491,30,1,0
BRDA:492,31,0,0
BRDA:492,31,1,0
BRDA:506,32,0,0
BRDA:506,32,1,0
BRDA:506,32,2,0
BRDA:506,32,3,0
BRDA:519,33,0,0
BRDA:519,33,1,0
BRDA:519,33,2,0
BRDA:519,33,3,0
BRDA:532,34,0,0
BRDA:532,34,1,0
BRDA:539,35,0,0
BRDA:539,35,1,0
BRDA:542,36,0,0
BRDA:542,36,1,0
BRDA:550,37,0,0
BRDA:550,37,1,0
BRDA:553,38,0,0
BRDA:553,38,1,0
BRDA:560,39,0,0
BRDA:560,39,1,0
BRDA:560,40,0,0
BRDA:560,40,1,0
BRDA:564,41,0,0
BRDA:564,41,1,0
BRDA:580,42,0,0
BRDA:580,42,1,0
BRDA:583,43,0,0
BRDA:583,43,1,0
BRDA:594,44,0,0
BRDA:594,44,1,0
BRDA:617,45,0,0
BRDA:617,45,1,0
BRDA:636,46,0,0
BRDA:636,46,1,0
BRDA:641,47,0,0
BRDA:641,47,1,0
BRDA:646,48,0,0
BRDA:646,48,1,0
BRDA:652,49,0,0
BRDA:652,49,1,0
BRDA:660,50,0,0
BRDA:660,50,1,0
BRDA:665,51,0,0
BRDA:665,51,1,0
BRDA:673,52,0,0
BRDA:673,52,1,0
BRDA:680,53,0,0
BRDA:680,53,1,0
BRDA:685,54,0,0
BRDA:685,54,1,0
BRDA:695,55,0,0
BRDA:695,55,1,0
BRDA:702,56,0,0
BRDA:702,56,1,0
BRDA:705,57,0,0
BRDA:705,57,1,0
BRDA:710,58,0,0
BRDA:710,58,1,0
BRDA:715,59,0,0
BRDA:715,59,1,0
BRDA:725,60,0,0
BRDA:725,60,1,0
BRDA:732,61,0,0
BRDA:732,61,1,0
BRDA:737,62,0,0
BRDA:737,62,1,0
BRDA:745,63,0,0
BRDA:745,63,1,0
BRDA:749,64,0,0
BRDA:749,64,1,0
BRDA:754,65,0,0
BRDA:754,65,1,0
BRDA:764,66,0,0
BRDA:764,66,1,0
BRDA:771,67,0,0
BRDA:771,67,1,0
BRDA:778,68,0,0
BRDA:778,68,1,0
BRDA:817,69,0,0
BRDA:817,69,1,0
BRDA:823,70,0,0
BRDA:823,70,1,0
BRDA:827,71,0,0
BRDA:827,71,1,0
BRDA:830,72,0,0
BRDA:830,72,1,0
BRDA:846,73,0,0
BRDA:846,73,1,0
BRDA:879,74,0,0
BRDA:879,74,1,0
BRDA:885,75,0,0
BRDA:885,75,1,0
BRDA:894,76,0,0
BRDA:894,76,1,0
BRDA:911,77,0,0
BRDA:911,77,1,0
BRDA:915,78,0,0
BRDA:915,78,1,0
BRDA:961,79,0,0
BRDA:961,79,1,0
BRDA:974,80,0,0
BRDA:974,80,1,0
BRDA:990,81,0,0
BRDA:990,81,1,0
BRDA:1004,82,0,0
BRDA:1004,82,1,0
BRDA:1009,83,0,0
BRDA:1009,83,1,0
BRDA:1023,84,0,0
BRDA:1023,84,1,0
BRDA:1061,85,0,0
BRDA:1061,85,1,0
BRDA:1064,86,0,0
BRDA:1064,86,1,0
BRDA:1107,87,0,0
BRDA:1107,87,1,0
BRDA:1114,88,0,0
BRDA:1114,88,1,0
BRDA:1149,89,0,0
BRDA:1149,89,1,0
BRDA:1173,90,0,0
BRDA:1173,90,1,0
BRDA:1197,91,0,0
BRDA:1197,91,1,0
BRDA:1202,92,0,0
BRDA:1202,92,1,0
BRDA:1207,93,0,0
BRDA:1207,93,1,0
BRDA:1212,94,0,0
BRDA:1212,94,1,0
BRDA:1225,95,0,0
BRDA:1225,95,1,0
BRDA:1226,96,0,0
BRDA:1226,96,1,0
BRDA:1234,97,0,0
BRDA:1234,97,1,0
BRDA:1235,98,0,0
BRDA:1235,98,1,0
BRDA:1237,99,0,0
BRDA:1237,99,1,0
BRDA:1244,100,0,0
BRDA:1244,100,1,0
BRDA:1253,101,0,0
BRDA:1253,101,1,0
BRDA:1262,102,0,0
BRDA:1262,102,1,0
BRDA:1263,103,0,0
BRDA:1263,103,1,0
BRDA:1281,104,0,0
BRDA:1281,104,1,0
BRDA:1282,105,0,0
BRDA:1282,105,1,0
BRDA:1298,106,0,0
BRDA:1298,106,1,0
BRDA:1389,107,0,0
BRDA:1389,107,1,0
BRDA:1395,108,0,0
BRDA:1395,108,1,0
BRDA:1399,109,0,0
BRDA:1399,109,1,0
BRDA:1407,110,0,0
BRDA:1407,110,1,0
BRDA:1449,111,0,0
BRDA:1449,111,1,0
BRDA:1473,112,0,0
BRDA:1473,112,1,0
BRDA:1480,113,0,0
BRDA:1480,113,1,0
BRF:238
BRH:0
end_of_record
TN:
SF:app/(tabs)/translator.tsx
FN:79,stripJSONCodeFences
FN:100,toStringArray
FN:102,(anonymous_12)
FN:108,(anonymous_13)
FN:116,coerceConfidence
FN:128,normalizeAIResponse
FN:139,TranslatorScreen
FN:159,(anonymous_17)
FN:160,(anonymous_18)
FN:162,(anonymous_19)
FN:170,(anonymous_20)
FN:253,(anonymous_21)
FN:276,(anonymous_22)
FN:291,(anonymous_23)
FN:334,(anonymous_24)
FN:338,(anonymous_25)
FN:342,(anonymous_26)
FN:343,(anonymous_27)
FN:346,(anonymous_28)
FN:352,(anonymous_29)
FN:356,(anonymous_30)
FN:360,(anonymous_31)
FN:362,(anonymous_32)
FN:370,(anonymous_33)
FN:373,(anonymous_34)
FN:378,(anonymous_35)
FN:380,(anonymous_36)
FN:386,(anonymous_37)
FN:390,(anonymous_38)
FN:395,(anonymous_39)
FN:405,(anonymous_40)
FN:416,(anonymous_41)
FN:420,(anonymous_42)
FN:432,(anonymous_43)
FN:439,(anonymous_44)
FN:441,(anonymous_45)
FN:449,(anonymous_46)
FN:513,(anonymous_47)
FN:527,(anonymous_48)
FN:604,(anonymous_49)
FN:627,(anonymous_50)
FN:632,(anonymous_51)
FN:637,(anonymous_52)
FN:652,(anonymous_53)
FN:653,(anonymous_54)
FN:658,(anonymous_55)
FN:664,(anonymous_56)
FN:665,(anonymous_57)
FN:669,(anonymous_58)
FN:675,(anonymous_59)
FN:680,(anonymous_60)
FN:705,(anonymous_61)
FN:712,(anonymous_62)
FN:743,(anonymous_63)
FN:756,(anonymous_64)
FN:769,(anonymous_65)
FN:790,(anonymous_66)
FN:884,(anonymous_67)
FN:892,(anonymous_68)
FN:893,(anonymous_69)
FN:965,(anonymous_70)
FN:976,(anonymous_71)
FN:1039,(anonymous_72)
FN:1098,(anonymous_73)
FN:1134,(anonymous_74)
FN:1138,(anonymous_75)
FN:1143,(anonymous_76)
FN:1175,(anonymous_77)
FN:1176,(anonymous_78)
FN:1177,(anonymous_79)
FN:1183,(anonymous_80)
FN:1194,(anonymous_81)
FN:1220,(anonymous_82)
FN:1228,(anonymous_83)
FN:1233,(anonymous_84)
FNF:75
FNH:0
FNDA:0,stripJSONCodeFences
FNDA:0,toStringArray
FNDA:0,(anonymous_12)
FNDA:0,(anonymous_13)
FNDA:0,coerceConfidence
FNDA:0,normalizeAIResponse
FNDA:0,TranslatorScreen
FNDA:0,(anonymous_17)
FNDA:0,(anonymous_18)
FNDA:0,(anonymous_19)
FNDA:0,(anonymous_20)
FNDA:0,(anonymous_21)
FNDA:0,(anonymous_22)
FNDA:0,(anonymous_23)
FNDA:0,(anonymous_24)
FNDA:0,(anonymous_25)
FNDA:0,(anonymous_26)
FNDA:0,(anonymous_27)
FNDA:0,(anonymous_28)
FNDA:0,(anonymous_29)
FNDA:0,(anonymous_30)
FNDA:0,(anonymous_31)
FNDA:0,(anonymous_32)
FNDA:0,(anonymous_33)
FNDA:0,(anonymous_34)
FNDA:0,(anonymous_35)
FNDA:0,(anonymous_36)
FNDA:0,(anonymous_37)
FNDA:0,(anonymous_38)
FNDA:0,(anonymous_39)
FNDA:0,(anonymous_40)
FNDA:0,(anonymous_41)
FNDA:0,(anonymous_42)
FNDA:0,(anonymous_43)
FNDA:0,(anonymous_44)
FNDA:0,(anonymous_45)
FNDA:0,(anonymous_46)
FNDA:0,(anonymous_47)
FNDA:0,(anonymous_48)
FNDA:0,(anonymous_49)
FNDA:0,(anonymous_50)
FNDA:0,(anonymous_51)
FNDA:0,(anonymous_52)
FNDA:0,(anonymous_53)
FNDA:0,(anonymous_54)
FNDA:0,(anonymous_55)
FNDA:0,(anonymous_56)
FNDA:0,(anonymous_57)
FNDA:0,(anonymous_58)
FNDA:0,(anonymous_59)
FNDA:0,(anonymous_60)
FNDA:0,(anonymous_61)
FNDA:0,(anonymous_62)
FNDA:0,(anonymous_63)
FNDA:0,(anonymous_64)
FNDA:0,(anonymous_65)
FNDA:0,(anonymous_66)
FNDA:0,(anonymous_67)
FNDA:0,(anonymous_68)
FNDA:0,(anonymous_69)
FNDA:0,(anonymous_70)
FNDA:0,(anonymous_71)
FNDA:0,(anonymous_72)
FNDA:0,(anonymous_73)
FNDA:0,(anonymous_74)
FNDA:0,(anonymous_75)
FNDA:0,(anonymous_76)
FNDA:0,(anonymous_77)
FNDA:0,(anonymous_78)
FNDA:0,(anonymous_79)
FNDA:0,(anonymous_80)
FNDA:0,(anonymous_81)
FNDA:0,(anonymous_82)
FNDA:0,(anonymous_83)
FNDA:0,(anonymous_84)
DA:1,0
DA:2,0
DA:13,0
DA:14,0
DA:15,0
DA:16,0
DA:17,0
DA:36,0
DA:38,0
DA:39,0
DA:80,0
DA:81,0
DA:82,0
DA:83,0
DA:84,0
DA:85,0
DA:86,0
DA:88,0
DA:89,0
DA:90,0
DA:91,0
DA:93,0
DA:95,0
DA:96,0
DA:101,0
DA:102,0
DA:104,0
DA:105,0
DA:108,0
DA:110,0
DA:112,0
DA:113,0
DA:117,0
DA:118,0
DA:119,0
DA:120,0
DA:121,0
DA:122,0
DA:125,0
DA:129,0
DA:130,0
DA:131,0
DA:132,0
DA:134,0
DA:135,0
DA:139,0
DA:140,0
DA:142,0
DA:143,0
DA:144,0
DA:145,0
DA:146,0
DA:147,0
DA:148,0
DA:149,0
DA:150,0
DA:151,0
DA:152,0
DA:153,0
DA:154,0
DA:155,0
DA:156,0
DA:157,0
DA:159,0
DA:160,0
DA:162,0
DA:163,0
DA:164,0
DA:165,0
DA:166,0
DA:167,0
DA:170,0
DA:171,0
DA:172,0
DA:173,0
DA:176,0
DA:177,0
DA:178,0
DA:181,0
DA:182,0
DA:184,0
DA:185,0
DA:228,0
DA:229,0
DA:230,0
DA:231,0
DA:233,0
DA:236,0
DA:237,0
DA:240,0
DA:241,0
DA:244,0
DA:245,0
DA:246,0
DA:253,0
DA:255,0
DA:273,0
DA:274,0
DA:276,0
DA:278,0
DA:284,0
DA:285,0
DA:287,0
DA:291,0
DA:292,0
DA:293,0
DA:310,0
DA:311,0
DA:312,0
DA:313,0
DA:316,0
DA:317,0
DA:318,0
DA:319,0
DA:320,0
DA:321,0
DA:322,0
DA:324,0
DA:325,0
DA:327,0
DA:329,0
DA:330,0
DA:334,0
DA:335,0
DA:338,0
DA:339,0
DA:342,0
DA:343,0
DA:344,0
DA:345,0
DA:346,0
DA:348,0
DA:352,0
DA:353,0
DA:356,0
DA:357,0
DA:360,0
DA:361,0
DA:362,0
DA:363,0
DA:364,0
DA:365,0
DA:367,0
DA:370,0
DA:371,0
DA:372,0
DA:373,0
DA:374,0
DA:378,0
DA:379,0
DA:380,0
DA:381,0
DA:382,0
DA:386,0
DA:387,0
DA:388,0
DA:389,0
DA:390,0
DA:391,0
DA:395,0
DA:396,0
DA:397,0
DA:398,0
DA:400,0
DA:401,0
DA:402,0
DA:405,0
DA:406,0
DA:407,0
DA:408,0
DA:409,0
DA:411,0
DA:412,0
DA:416,0
DA:417,0
DA:418,0
DA:419,0
DA:420,0
DA:421,0
DA:422,0
DA:423,0
DA:427,0
DA:428,0
DA:432,0
DA:433,0
DA:434,0
DA:435,0
DA:436,0
DA:439,0
DA:440,0
DA:441,0
DA:442,0
DA:443,0
DA:444,0
DA:449,0
DA:450,0
DA:451,0
DA:452,0
DA:453,0
DA:454,0
DA:455,0
DA:456,0
DA:457,0
DA:459,0
DA:460,0
DA:463,0
DA:464,0
DA:465,0
DA:466,0
DA:467,0
DA:469,0
DA:470,0
DA:471,0
DA:472,0
DA:474,0
DA:481,0
DA:482,0
DA:483,0
DA:484,0
DA:485,0
DA:490,0
DA:491,0
DA:493,0
DA:494,0
DA:495,0
DA:496,0
DA:499,0
DA:500,0
DA:503,0
DA:504,0
DA:505,0
DA:507,0
DA:508,0
DA:509,0
DA:512,0
DA:513,0
DA:514,0
DA:515,0
DA:517,0
DA:518,0
DA:521,0
DA:524,0
DA:526,0
DA:527,0
DA:528,0
DA:532,0
DA:537,0
DA:538,0
DA:539,0
DA:540,0
DA:543,0
DA:544,0
DA:545,0
DA:546,0
DA:547,0
DA:548,0
DA:551,0
DA:552,0
DA:553,0
DA:559,0
DA:560,0
DA:561,0
DA:587,0
DA:588,0
DA:589,0
DA:590,0
DA:592,0
DA:593,0
DA:594,0
DA:599,0
DA:600,0
DA:601,0
DA:602,0
DA:604,0
DA:605,0
DA:607,0
DA:608,0
DA:609,0
DA:610,0
DA:611,0
DA:612,0
DA:615,0
DA:616,0
DA:618,0
DA:619,0
DA:621,0
DA:623,0
DA:628,0
DA:629,0
DA:630,0
DA:633,0
DA:634,0
DA:635,0
DA:638,0
DA:639,0
DA:640,0
DA:641,0
DA:645,0
DA:646,0
DA:647,0
DA:648,0
DA:652,0
DA:653,0
DA:654,0
DA:658,0
DA:659,0
DA:660,0
DA:661,0
DA:664,0
DA:665,0
DA:669,0
DA:670,0
DA:671,0
DA:672,0
DA:675,0
DA:676,0
DA:677,0
DA:680,0
DA:693,0
DA:695,0
DA:706,0
DA:713,0
DA:714,0
DA:728,0
DA:743,0
DA:756,0
DA:769,0
DA:790,0
DA:885,0
DA:886,0
DA:892,0
DA:893,0
DA:965,0
DA:976,0
DA:1039,0
DA:1099,0
DA:1135,0
DA:1139,0
DA:1140,0
DA:1141,0
DA:1144,0
DA:1145,0
DA:1176,0
DA:1177,0
DA:1179,0
DA:1184,0
DA:1185,0
DA:1186,0
DA:1187,0
DA:1194,0
DA:1220,0
DA:1228,0
DA:1233,0
DA:1242,0
LF:354
LH:0
BRDA:82,0,0,0
BRDA:82,0,1,0
BRDA:86,1,0,0
BRDA:86,1,1,0
BRDA:90,2,0,0
BRDA:90,2,1,0
BRDA:90,3,0,0
BRDA:90,3,1,0
BRDA:101,4,0,0
BRDA:101,4,1,0
BRDA:102,5,0,0
BRDA:102,5,1,0
BRDA:104,6,0,0
BRDA:104,6,1,0
BRDA:110,7,0,0
BRDA:110,7,1,0
BRDA:112,8,0,0
BRDA:112,8,1,0
BRDA:117,9,0,0
BRDA:117,9,1,0
BRDA:118,10,0,0
BRDA:118,10,1,0
BRDA:120,11,0,0
BRDA:120,11,1,0
BRDA:122,12,0,0
BRDA:122,12,1,0
BRDA:122,13,0,0
BRDA:122,13,1,0
BRDA:144,14,0,0
BRDA:144,14,1,0
BRDA:145,15,0,0
BRDA:145,15,1,0
BRDA:159,16,0,0
BRDA:159,16,1,0
BRDA:160,17,0,0
BRDA:160,17,1,0
BRDA:163,18,0,0
BRDA:163,18,1,0
BRDA:166,19,0,0
BRDA:166,19,1,0
BRDA:171,20,0,0
BRDA:171,20,1,0
BRDA:176,21,0,0
BRDA:176,21,1,0
BRDA:229,22,0,0
BRDA:229,22,1,0
BRDA:230,23,0,0
BRDA:230,23,1,0
BRDA:234,24,0,0
BRDA:234,24,1,0
BRDA:234,24,2,0
BRDA:236,25,0,0
BRDA:236,25,1,0
BRDA:237,26,0,0
BRDA:237,26,1,0
BRDA:241,27,0,0
BRDA:241,27,1,0
BRDA:244,28,0,0
BRDA:244,28,1,0
BRDA:244,29,0,0
BRDA:244,29,1,0
BRDA:247,30,0,0
BRDA:247,30,1,0
BRDA:248,31,0,0
BRDA:248,31,1,0
BRDA:249,32,0,0
BRDA:249,32,1,0
BRDA:262,33,0,0
BRDA:262,33,1,0
BRDA:263,34,0,0
BRDA:263,34,1,0
BRDA:264,35,0,0
BRDA:264,35,1,0
BRDA:268,36,0,0
BRDA:268,36,1,0
BRDA:270,37,0,0
BRDA:270,37,1,0
BRDA:310,38,0,0
BRDA:310,38,1,0
BRDA:317,39,0,0
BRDA:317,39,1,0
BRDA:322,40,0,0
BRDA:322,40,1,0
BRDA:345,41,0,0
BRDA:345,41,1,0
BRDA:361,42,0,0
BRDA:361,42,1,0
BRDA:363,43,0,0
BRDA:363,43,1,0
BRDA:364,44,0,0
BRDA:364,44,1,0
BRDA:365,45,0,0
BRDA:365,45,1,0
BRDA:371,46,0,0
BRDA:371,46,1,0
BRDA:379,47,0,0
BRDA:379,47,1,0
BRDA:381,48,0,0
BRDA:381,48,1,0
BRDA:387,49,0,0
BRDA:387,49,1,0
BRDA:406,50,0,0
BRDA:406,50,1,0
BRDA:419,51,0,0
BRDA:419,51,1,0
BRDA:421,52,0,0
BRDA:421,52,1,0
BRDA:422,53,0,0
BRDA:422,53,1,0
BRDA:423,54,0,0
BRDA:423,54,1,0
BRDA:440,55,0,0
BRDA:440,55,1,0
BRDA:442,56,0,0
BRDA:442,56,1,0
BRDA:443,57,0,0
BRDA:443,57,1,0
BRDA:444,58,0,0
BRDA:444,58,1,0
BRDA:450,59,0,0
BRDA:450,59,1,0
BRDA:452,60,0,0
BRDA:452,60,1,0
BRDA:459,61,0,0
BRDA:459,61,1,0
BRDA:463,62,0,0
BRDA:463,62,1,0
BRDA:469,63,0,0
BRDA:469,63,1,0
BRDA:482,64,0,0
BRDA:482,64,1,0
BRDA:493,65,0,0
BRDA:493,65,1,0
BRDA:512,66,0,0
BRDA:512,66,1,0
BRDA:514,67,0,0
BRDA:514,67,1,0
BRDA:517,68,0,0
BRDA:517,68,1,0
BRDA:526,69,0,0
BRDA:526,69,1,0
BRDA:546,70,0,0
BRDA:546,70,1,0
BRDA:552,71,0,0
BRDA:552,71,1,0
BRDA:605,72,0,0
BRDA:605,72,1,0
BRDA:608,73,0,0
BRDA:608,73,1,0
BRDA:616,74,0,0
BRDA:616,74,1,0
BRDA:659,75,0,0
BRDA:659,75,1,0
BRDA:665,76,0,0
BRDA:665,76,1,0
BRDA:676,77,0,0
BRDA:676,77,1,0
BRDA:693,78,0,0
BRDA:693,78,1,0
BRDA:710,79,0,0
BRDA:710,79,1,0
BRDA:733,80,0,0
BRDA:733,80,1,0
BRDA:776,81,0,0
BRDA:776,81,1,0
BRDA:797,82,0,0
BRDA:797,82,1,0
BRDA:797,83,0,0
BRDA:797,83,1,0
BRDA:797,84,0,0
BRDA:797,84,1,0
BRDA:798,85,0,0
BRDA:798,85,1,0
BRDA:798,86,0,0
BRDA:798,86,1,0
BRDA:809,87,0,0
BRDA:809,87,1,0
BRDA:829,88,0,0
BRDA:829,88,1,0
BRDA:842,89,0,0
BRDA:842,89,1,0
BRDA:846,90,0,0
BRDA:846,90,1,0
BRDA:851,91,0,0
BRDA:851,91,1,0
BRDA:854,92,0,0
BRDA:854,92,1,0
BRDA:864,93,0,0
BRDA:864,93,1,0
BRDA:889,94,0,0
BRDA:889,94,1,0
BRDA:897,95,0,0
BRDA:897,95,1,0
BRDA:904,96,0,0
BRDA:904,96,1,0
BRDA:959,97,0,0
BRDA:959,97,1,0
BRDA:959,97,2,0
BRDA:971,98,0,0
BRDA:971,98,1,0
BRDA:971,99,0,0
BRDA:971,99,1,0
BRDA:971,100,0,0
BRDA:971,100,1,0
BRDA:972,101,0,0
BRDA:972,101,1,0
BRDA:972,102,0,0
BRDA:972,102,1,0
BRDA:981,103,0,0
BRDA:981,103,1,0
BRDA:986,104,0,0
BRDA:986,104,1,0
BRDA:996,105,0,0
BRDA:996,105,1,0
BRDA:1009,106,0,0
BRDA:1009,106,1,0
BRDA:1018,107,0,0
BRDA:1018,107,1,0
BRDA:1026,108,0,0
BRDA:1026,108,1,0
BRDA:1026,108,2,0
BRDA:1033,109,0,0
BRDA:1033,109,1,0
BRDA:1039,110,0,0
BRDA:1039,110,1,0
BRDA:1045,111,0,0
BRDA:1045,111,1,0
BRDA:1045,112,0,0
BRDA:1045,112,1,0
BRDA:1046,113,0,0
BRDA:1046,113,1,0
BRDA:1046,114,0,0
BRDA:1046,114,1,0
BRDA:1055,115,0,0
BRDA:1055,115,1,0
BRDA:1061,116,0,0
BRDA:1061,116,1,0
BRDA:1071,117,0,0
BRDA:1071,117,1,0
BRDA:1081,118,0,0
BRDA:1081,118,1,0
BRDA:1091,119,0,0
BRDA:1091,119,1,0
BRDA:1091,119,2,0
BRDA:1107,120,0,0
BRDA:1107,120,1,0
BRDA:1117,121,0,0
BRDA:1117,121,1,0
BRDA:1127,122,0,0
BRDA:1127,122,1,0
BRDA:1127,122,2,0
BRDA:1155,123,0,0
BRDA:1155,123,1,0
BRDA:1160,124,0,0
BRDA:1160,124,1,0
BRDA:1161,125,0,0
BRDA:1161,125,1,0
BRDA:1162,126,0,0
BRDA:1162,126,1,0
BRDA:1172,127,0,0
BRDA:1172,127,1,0
BRDA:1197,128,0,0
BRDA:1197,128,1,0
BRDA:1198,129,0,0
BRDA:1198,129,1,0
BRF:265
BRH:0
end_of_record
TN:
SF:app/(tabs)/settings/_layout.tsx
FN:4,SettingsStackLayout
FNF:1
FNH:0
FNDA:0,SettingsStackLayout
DA:1,0
DA:2,0
DA:4,0
DA:5,0
LF:4
LH:0
BRF:0
BRH:0
end_of_record
TN:
SF:app/(tabs)/settings/accessibility.tsx
FN:6,AccessibilitySettings
FNF:1
FNH:0
FNDA:0,AccessibilitySettings
DA:1,0
DA:2,0
DA:3,0
DA:4,0
DA:6,0
DA:7,0
DA:15,0
LF:7
LH:0
BRF:0
BRH:0
end_of_record
TN:
SF:app/(tabs)/settings/account.tsx
FN:6,AccountSettings
FNF:1
FNH:0
FNDA:0,AccountSettings
DA:1,0
DA:2,0
DA:3,0
DA:4,0
DA:6,0
DA:7,0
DA:15,0
LF:7
LH:0
BRF:0
BRH:0
end_of_record
TN:
SF:app/(tabs)/settings/appearance.tsx
FN:6,AppearanceSettings
FNF:1
FNH:0
FNDA:0,AppearanceSettings
DA:1,0
DA:2,0
DA:3,0
DA:4,0
DA:6,0
DA:7,0
DA:15,0
LF:7
LH:0
BRF:0
BRH:0
end_of_record
TN:
SF:app/(tabs)/settings/index.tsx
FN:6,SettingsHome
FNF:1
FNH:0
FNDA:0,SettingsHome
DA:1,0
DA:2,0
DA:3,0
DA:4,0
DA:6,0
DA:7,0
DA:15,0
LF:7
LH:0
BRF:0
BRH:0
end_of_record
TN:
SF:app/(tabs)/settings/language.tsx
FN:6,LanguageSettings
FNF:1
FNH:0
FNDA:0,LanguageSettings
DA:1,0
DA:2,0
DA:3,0
DA:4,0
DA:6,0
DA:7,0
DA:15,0
LF:7
LH:0
BRF:0
BRH:0
end_of_record
TN:
SF:app/(tabs)/settings/notifications.tsx
FN:6,NotificationSettings
FNF:1
FNH:0
FNDA:0,NotificationSettings
DA:1,0
DA:2,0
DA:3,0
DA:4,0
DA:6,0
DA:7,0
DA:15,0
LF:7
LH:0
BRF:0
BRH:0
end_of_record
TN:
SF:app/(tabs)/settings/offline.tsx
FN:6,OfflineSettings
FNF:1
FNH:0
FNDA:0,OfflineSettings
DA:1,0
DA:2,0
DA:3,0
DA:4,0
DA:6,0
DA:7,0
DA:15,0
LF:7
LH:0
BRF:0
BRH:0
end_of_record
TN:
SF:app/(tabs)/settings/privacy-controls.tsx
FN:6,PrivacyControlsScreen
FN:13,(anonymous_10)
FN:21,(anonymous_11)
FNF:3
FNH:0
FNDA:0,PrivacyControlsScreen
FNDA:0,(anonymous_10)
FNDA:0,(anonymous_11)
DA:1,0
DA:2,0
DA:3,0
DA:4,0
DA:6,0
DA:7,0
DA:11,0
DA:13,0
DA:14,0
DA:15,0
DA:21,0
DA:22,0
DA:23,0
DA:29,0
DA:104,0
LF:15
LH:0
BRF:0
BRH:0
end_of_record
TN:
SF:app/(tabs)/settings/privacy.tsx
FN:6,PrivacySettings
FNF:1
FNH:0
FNDA:0,PrivacySettings
DA:1,0
DA:2,0
DA:3,0
DA:4,0
DA:6,0
DA:7,0
DA:15,0
LF:7
LH:0
BRF:0
BRH:0
end_of_record
TN:
SF:app/auth/login.tsx
FN:23,LoginScreen
FN:33,(anonymous_10)
FN:54,(anonymous_11)
FN:71,(anonymous_12)
FN:90,(anonymous_13)
FN:105,(anonymous_14)
FN:109,(anonymous_15)
FN:113,(anonymous_16)
FN:146,(anonymous_17)
FN:165,(anonymous_18)
FN:173,(anonymous_19)
FNF:11
FNH:0
FNDA:0,LoginScreen
FNDA:0,(anonymous_10)
FNDA:0,(anonymous_11)
FNDA:0,(anonymous_12)
FNDA:0,(anonymous_13)
FNDA:0,(anonymous_14)
FNDA:0,(anonymous_15)
FNDA:0,(anonymous_16)
FNDA:0,(anonymous_17)
FNDA:0,(anonymous_18)
FNDA:0,(anonymous_19)
DA:1,0
DA:2,0
DA:14,0
DA:15,0
DA:16,0
DA:17,0
DA:18,0
DA:19,0
DA:20,0
DA:21,0
DA:23,0
DA:24,0
DA:25,0
DA:26,0
DA:27,0
DA:28,0
DA:29,0
DA:30,0
DA:32,0
DA:34,0
DA:37,0
DA:40,0
DA:43,0
DA:49,0
DA:52,0
DA:55,0
DA:58,0
DA:63,0
DA:71,0
DA:72,0
DA:74,0
DA:75,0
DA:76,0
DA:77,0
DA:80,0
DA:81,0
DA:82,0
DA:83,0
DA:86,0
DA:87,0
DA:90,0
DA:91,0
DA:93,0
DA:94,0
DA:95,0
DA:96,0
DA:101,0
DA:105,0
DA:106,0
DA:109,0
DA:110,0
DA:113,0
DA:115,0
DA:118,0
DA:147,0
DA:148,0
DA:166,0
DA:167,0
DA:173,0
DA:234,0
LF:60
LH:0
BRDA:65,0,0,0
BRDA:65,0,1,0
BRDA:74,1,0,0
BRDA:74,1,1,0
BRDA:76,2,0,0
BRDA:76,2,1,0
BRDA:80,3,0,0
BRDA:80,3,1,0
BRDA:82,4,0,0
BRDA:82,4,1,0
BRDA:91,5,0,0
BRDA:91,5,1,0
BRDA:125,6,0,0
BRDA:125,6,1,0
BRDA:142,7,0,0
BRDA:142,7,1,0
BRDA:148,8,0,0
BRDA:148,8,1,0
BRDA:156,9,0,0
BRDA:156,9,1,0
BRDA:161,10,0,0
BRDA:161,10,1,0
BRDA:167,11,0,0
BRDA:167,11,1,0
BRDA:177,12,0,0
BRDA:177,12,1,0
BRDA:184,13,0,0
BRDA:184,13,1,0
BRDA:195,14,0,0
BRDA:195,14,1,0
BRDA:199,15,0,0
BRDA:199,15,1,0
BRF:32
BRH:0
end_of_record
TN:
SF:app/components/settings/DestructiveButton.tsx
FN:10,DestructiveButtonBase
FNF:1
FNH:0
FNDA:0,DestructiveButtonBase
DA:1,0
DA:2,0
DA:11,0
DA:18,0
DA:20,0
LF:5
LH:0
BRDA:12,0,0,0
BRDA:12,0,1,0
BRF:2
BRH:0
end_of_record
TN:
SF:app/components/settings/LinkRow.tsx
FN:12,LinkRowBase
FNF:1
FNH:0
FNDA:0,LinkRowBase
DA:1,0
DA:2,0
DA:3,0
DA:13,0
DA:24,0
LF:5
LH:0
BRDA:19,0,0,0
BRDA:19,0,1,0
BRF:2
BRH:0
end_of_record
TN:
SF:app/components/settings/PreferenceBadge.tsx
FN:8,PreferenceBadgeBase
FNF:1
FNH:0
FNDA:0,PreferenceBadgeBase
DA:1,0
DA:2,0
DA:9,0
DA:16,0
DA:18,0
LF:5
LH:0
BRF:0
BRH:0
end_of_record
TN:
SF:app/components/settings/ProfileSummaryCard.tsx
FN:10,ProfileSummaryCardBase
FNF:1
FNH:0
FNDA:0,ProfileSummaryCardBase
DA:1,0
DA:2,0
DA:11,0
DA:27,0
DA:29,0
LF:5
LH:0
BRDA:10,0,0,0
BRDA:14,1,0,0
BRDA:14,1,1,0
BRF:3
BRH:0
end_of_record
TN:
SF:app/components/settings/Row.tsx
FN:14,RowBase
FNF:1
FNH:0
FNDA:0,RowBase
DA:1,0
DA:2,0
DA:15,0
DA:16,0
DA:33,0
DA:35,0
LF:6
LH:0
BRDA:15,0,0,0
BRDA:15,0,1,0
BRDA:18,1,0,0
BRDA:18,1,1,0
BRDA:21,2,0,0
BRDA:21,2,1,0
BRDA:22,3,0,0
BRDA:22,3,1,0
BRDA:26,4,0,0
BRDA:26,4,1,0
BRF:10
BRH:0
end_of_record
TN:
SF:app/components/settings/Section.tsx
FN:12,SectionBase
FNF:1
FNH:0
FNDA:0,SectionBase
DA:1,0
DA:2,0
DA:13,0
DA:14,0
DA:29,0
DA:31,0
LF:6
LH:0
BRDA:15,0,0,0
BRDA:15,0,1,0
BRDA:20,1,0,0
BRDA:20,1,1,0
BRF:4
BRH:0
end_of_record
TN:
SF:app/components/settings/Select.tsx
FN:14,SelectRowBase
FN:15,(anonymous_11)
FN:25,(anonymous_12)
FN:27,(anonymous_13)
FNF:4
FNH:0
FNDA:0,SelectRowBase
FNDA:0,(anonymous_11)
FNDA:0,(anonymous_12)
FNDA:0,(anonymous_13)
DA:1,0
DA:2,0
DA:3,0
DA:15,0
DA:16,0
DA:26,0
DA:27,0
DA:28,0
DA:29,0
DA:36,0
DA:38,0
LF:11
LH:0
BRDA:15,0,0,0
BRDA:15,0,1,0
BRDA:21,1,0,0
BRDA:21,1,1,0
BRDA:31,2,0,0
BRDA:31,2,1,0
BRF:6
BRH:0
end_of_record
TN:
SF:app/components/settings/SliderRow.tsx
FN:16,SliderRowBase
FN:22,(anonymous_11)
FNF:2
FNH:0
FNDA:0,SliderRowBase
FNDA:0,(anonymous_11)
DA:1,0
DA:2,0
DA:3,0
DA:17,0
DA:23,0
DA:24,0
DA:25,0
DA:26,0
DA:33,0
DA:35,0
LF:10
LH:0
BRDA:16,0,0,0
BRDA:25,1,0,0
BRDA:25,1,1,0
BRDA:28,2,0,0
BRDA:28,2,1,0
BRF:5
BRH:0
end_of_record
TN:
SF:app/components/settings/SwitchRow.tsx
FN:13,SwitchRowBase
FNF:1
FNH:0
FNDA:0,SwitchRowBase
DA:1,0
DA:2,0
DA:3,0
DA:14,0
DA:24,0
LF:5
LH:0
BRDA:18,0,0,0
BRDA:18,0,1,0
BRDA:19,1,0,0
BRDA:19,1,1,0
BRF:4
BRH:0
end_of_record
TN:
SF:app/components/settings/index.ts
FN:1,(anonymous_1)
FN:2,(anonymous_2)
FN:3,(anonymous_3)
FN:4,(anonymous_4)
FN:5,(anonymous_5)
FN:6,(anonymous_6)
FN:7,(anonymous_7)
FN:8,(anonymous_8)
FN:9,(anonymous_9)
FNF:9
FNH:0
FNDA:0,(anonymous_1)
FNDA:0,(anonymous_2)
FNDA:0,(anonymous_3)
FNDA:0,(anonymous_4)
FNDA:0,(anonymous_5)
FNDA:0,(anonymous_6)
FNDA:0,(anonymous_7)
FNDA:0,(anonymous_8)
FNDA:0,(anonymous_9)
DA:1,0
DA:2,0
DA:3,0
DA:4,0
DA:5,0
DA:6,0
DA:7,0
DA:8,0
DA:9,0
LF:9
LH:0
BRF:0
BRH:0
end_of_record
TN:
SF:app/lib/monitoring/sentry.client.ts
FN:7,initSentry
FN:34,(anonymous_10)
FN:53,captureException
FN:63,captureMessage
FN:70,setUser
FN:77,addBreadcrumb
FNF:6
FNH:0
FNDA:0,initSentry
FNDA:0,(anonymous_10)
FNDA:0,captureException
FNDA:0,captureMessage
FNDA:0,setUser
FNDA:0,addBreadcrumb
DA:1,0
DA:7,0
DA:8,0
DA:10,0
DA:11,0
DA:12,0
DA:15,0
DA:16,0
DA:36,0
DA:37,0
DA:38,0
DA:40,0
DA:44,0
DA:46,0
DA:53,0
DA:54,0
DA:55,0
DA:57,0
DA:63,0
DA:64,0
DA:70,0
DA:71,0
DA:77,0
DA:78,0
LF:24
LH:0
BRDA:10,0,0,0
BRDA:10,0,1,0
BRDA:23,1,0,0
BRDA:23,1,1,0
BRDA:26,2,0,0
BRDA:26,2,1,0
BRDA:26,2,2,0
BRDA:27,3,0,0
BRDA:27,3,1,0
BRDA:36,4,0,0
BRDA:36,4,1,0
BRDA:54,5,0,0
BRDA:54,5,1,0
BRDA:63,6,0,0
BRF:14
BRH:0
end_of_record
TN:
SF:app/modules/personalisation/explain.ts
FN:9,buildTrace
FN:37,formatTrace
FN:38,(anonymous_2)
FNF:3
FNH:0
FNDA:0,buildTrace
FNDA:0,formatTrace
FNDA:0,(anonymous_2)
DA:9,0
DA:10,0
DA:12,0
DA:14,0
DA:15,0
DA:18,0
DA:19,0
DA:22,0
DA:23,0
DA:26,0
DA:27,0
DA:30,0
DA:31,0
DA:34,0
DA:37,0
DA:38,0
LF:16
LH:0
BRDA:9,0,0,0
BRDA:14,1,0,0
BRDA:14,1,1,0
BRDA:18,2,0,0
BRDA:18,2,1,0
BRDA:18,3,0,0
BRDA:18,3,1,0
BRDA:18,3,2,0
BRDA:18,3,3,0
BRDA:18,3,4,0
BRDA:22,4,0,0
BRDA:22,4,1,0
BRDA:22,5,0,0
BRDA:22,5,1,0
BRDA:22,5,2,0
BRDA:26,6,0,0
BRDA:26,6,1,0
BRDA:26,7,0,0
BRDA:26,7,1,0
BRDA:38,8,0,0
BRDA:38,8,1,0
BRF:21
BRH:0
end_of_record
TN:
SF:app/modules/personalisation/inspector.tsx
FN:6,ProfileInspector
FN:8,(anonymous_10)
FN:33,(anonymous_11)
FNF:3
FNH:0
FNDA:0,ProfileInspector
FNDA:0,(anonymous_10)
FNDA:0,(anonymous_11)
DA:1,0
DA:2,0
DA:3,0
DA:4,0
DA:6,0
DA:7,0
DA:8,0
DA:9,0
DA:10,0
DA:20,0
DA:21,0
DA:28,0
DA:34,0
DA:40,0
LF:14
LH:0
BRDA:9,0,0,0
BRDA:9,0,1,0
BRDA:20,1,0,0
BRDA:20,1,1,0
BRF:4
BRH:0
end_of_record
TN:
SF:app/modules/personalisation/mapper.ts
FN:5,(anonymous_0)
FN:7,mapAnswerToProfile
FNF:2
FNH:0
FNDA:0,(anonymous_0)
FNDA:0,mapAnswerToProfile
DA:1,0
DA:5,0
DA:7,0
DA:8,0
DA:9,0
DA:11,0
DA:12,0
DA:13,0
DA:14,0
DA:15,0
DA:16,0
DA:17,0
DA:18,0
DA:19,0
DA:20,0
DA:21,0
DA:22,0
DA:23,0
DA:24,0
DA:25,0
DA:26,0
DA:27,0
DA:28,0
DA:29,0
DA:32,0
DA:33,0
DA:42,0
DA:44,0
DA:51,0
DA:58,0
DA:63,0
DA:64,0
DA:65,0
DA:67,0
DA:68,0
DA:70,0
DA:71,0
DA:74,0
DA:86,0
LF:39
LH:0
BRDA:15,0,0,0
BRDA:15,0,1,0
BRDA:15,1,0,0
BRDA:15,1,1,0
BRDA:20,2,0,0
BRDA:20,2,1,0
BRDA:20,3,0,0
BRDA:20,3,1,0
BRDA:25,4,0,0
BRDA:25,4,1,0
BRDA:42,5,0,0
BRDA:42,5,1,0
BRDA:42,6,0,0
BRDA:42,6,1,0
BRDA:45,7,0,0
BRDA:45,7,1,0
BRDA:46,8,0,0
BRDA:46,8,1,0
BRDA:48,9,0,0
BRDA:48,9,1,0
BRDA:53,10,0,0
BRDA:53,10,1,0
BRDA:60,11,0,0
BRDA:60,11,1,0
BRDA:64,12,0,0
BRDA:64,12,1,0
BRDA:64,13,0,0
BRDA:64,13,1,0
BRDA:64,13,2,0
BRDA:64,13,3,0
BRDA:64,13,4,0
BRDA:67,14,0,0
BRDA:67,14,1,0
BRDA:67,15,0,0
BRDA:67,15,1,0
BRDA:67,15,2,0
BRDA:70,16,0,0
BRDA:70,16,1,0
BRDA:70,17,0,0
BRDA:70,17,1,0
BRF:40
BRH:0
end_of_record
TN:
SF:app/modules/personalisation/personas.ts
FNF:0
FNH:0
DA:7,0
LF:1
LH:0
BRF:0
BRH:0
end_of_record
TN:
SF:app/modules/personalisation/profile-store.ts
FN:10,(anonymous_1)
FN:16,(anonymous_2)
FN:17,(anonymous_3)
FN:36,(anonymous_4)
FN:49,(anonymous_5)
FN:54,usePersonalisedLessonPlan
FN:59,useSRSConfig
FN:64,useSpeechConfig
FN:69,useNotificationPrefs
FNF:9
FNH:0
FNDA:0,(anonymous_1)
FNDA:0,(anonymous_2)
FNDA:0,(anonymous_3)
FNDA:0,(anonymous_4)
FNDA:0,(anonymous_5)
FNDA:0,usePersonalisedLessonPlan
FNDA:0,useSRSConfig
FNDA:0,useSpeechConfig
FNDA:0,useNotificationPrefs
DA:1,0
DA:2,0
DA:3,0
DA:4,0
DA:5,0
DA:7,0
DA:8,0
DA:10,0
DA:11,0
DA:12,0
DA:13,0
DA:14,0
DA:16,0
DA:17,0
DA:18,0
DA:19,0
DA:20,0
DA:21,0
DA:22,0
DA:23,0
DA:24,0
DA:26,0
DA:28,0
DA:29,0
DA:31,0
DA:36,0
DA:37,0
DA:38,0
DA:39,0
DA:40,0
DA:41,0
DA:43,0
DA:44,0
DA:45,0
DA:49,0
DA:51,0
DA:54,0
DA:55,0
DA:56,0
DA:59,0
DA:60,0
DA:61,0
DA:64,0
DA:65,0
DA:66,0
DA:69,0
DA:70,0
DA:71,0
LF:48
LH:0
BRDA:22,0,0,0
BRDA:22,0,1,0
BRDA:56,1,0,0
BRDA:56,1,1,0
BRDA:61,2,0,0
BRDA:61,2,1,0
BRDA:66,3,0,0
BRDA:66,3,1,0
BRDA:71,4,0,0
BRDA:71,4,1,0
BRF:10
BRH:0
end_of_record
TN:
SF:app/screens/Onboarding/submitOnboarding.ts
FN:6,useSubmitOnboarding
FN:11,(anonymous_1)
FNF:2
FNH:0
FNDA:0,useSubmitOnboarding
FNDA:0,(anonymous_1)
DA:1,0
DA:2,0
DA:3,0
DA:4,0
DA:6,0
DA:7,0
DA:8,0
DA:9,0
DA:11,0
DA:12,0
DA:13,0
DA:14,0
DA:15,0
DA:16,0
DA:17,0
DA:18,0
DA:20,0
DA:22,0
DA:25,0
LF:19
LH:0
BRF:0
BRH:0
end_of_record
TN:
SF:app/services/sync.ts
FN:5,usePreferencesSync
FN:10,(anonymous_1)
FN:11,(anonymous_2)
FN:21,(anonymous_3)
FNF:4
FNH:0
FNDA:0,usePreferencesSync
FNDA:0,(anonymous_1)
FNDA:0,(anonymous_2)
FNDA:0,(anonymous_3)
DA:1,0
DA:2,0
DA:3,0
DA:5,0
DA:6,0
DA:7,0
DA:8,0
DA:10,0
DA:11,0
DA:12,0
DA:13,0
DA:14,0
DA:16,0
DA:21,0
LF:14
LH:0
BRDA:13,0,0,0
BRDA:13,0,1,0
BRF:2
BRH:0
end_of_record
TN:
SF:app/shared/i18n/index.ts
FNF:0
FNH:0
DA:1,0
LF:1
LH:0
BRF:0
BRH:0
end_of_record
TN:
SF:app/shared/services/analytics.ts
FN:4,(anonymous_0)
FN:5,(anonymous_1)
FNF:2
FNH:0
FNDA:0,(anonymous_0)
FNDA:0,(anonymous_1)
DA:1,0
DA:3,0
DA:4,0
DA:5,0
LF:4
LH:0
BRDA:4,0,0,0
BRDA:4,0,1,0
BRF:2
BRH:0
end_of_record
TN:
SF:app/shared/services/api/client.ts
FN:158,(anonymous_0)
FN:158,(anonymous_1)
FN:19,(anonymous_2)
FN:29,withTimeout
FN:32,(anonymous_4)
FN:33,(anonymous_5)
FN:34,(anonymous_6)
FN:38,request
FN:63,requestWithRetry
FN:91,requestRaw
FN:128,useApiQuery
FN:138,(anonymous_11)
FN:141,(anonymous_12)
FN:161,safeJsonParse
FN:169,redactedError
FN:178,delay
FN:179,(anonymous_16)
FNF:17
FNH:0
FNDA:0,(anonymous_0)
FNDA:0,(anonymous_1)
FNDA:0,(anonymous_2)
FNDA:0,withTimeout
FNDA:0,(anonymous_4)
FNDA:0,(anonymous_5)
FNDA:0,(anonymous_6)
FNDA:0,request
FNDA:0,requestWithRetry
FNDA:0,requestRaw
FNDA:0,useApiQuery
FNDA:0,(anonymous_11)
FNDA:0,(anonymous_12)
FNDA:0,safeJsonParse
FNDA:0,redactedError
FNDA:0,delay
FNDA:0,(anonymous_16)
DA:2,0
DA:3,0
DA:4,0
DA:15,0
DA:20,0
DA:21,0
DA:22,0
DA:23,0
DA:27,0
DA:29,0
DA:30,0
DA:31,0
DA:32,0
DA:33,0
DA:34,0
DA:35,0
DA:38,0
DA:47,0
DA:55,0
DA:56,0
DA:57,0
DA:58,0
DA:60,0
DA:63,0
DA:74,0
DA:75,0
DA:76,0
DA:78,0
DA:79,0
DA:80,0
DA:81,0
DA:82,0
DA:83,0
DA:84,0
DA:85,0
DA:86,0
DA:88,0
DA:91,0
DA:99,0
DA:100,0
DA:101,0
DA:102,0
DA:103,0
DA:112,0
DA:113,0
DA:114,0
DA:115,0
DA:116,0
DA:117,0
DA:119,0
DA:121,0
DA:122,0
DA:123,0
DA:124,0
DA:128,0
DA:135,0
DA:136,0
DA:138,0
DA:142,0
DA:143,0
DA:144,0
DA:145,0
DA:147,0
DA:153,0
DA:158,0
DA:162,0
DA:163,0
DA:165,0
DA:170,0
DA:171,0
DA:172,0
DA:173,0
DA:175,0
DA:179,0
LF:74
LH:0
BRDA:33,0,0,0
BRDA:33,0,1,0
BRDA:55,1,0,0
BRDA:55,1,1,0
BRDA:57,2,0,0
BRDA:57,2,1,0
BRDA:74,3,0,0
BRDA:74,3,1,0
BRDA:75,4,0,0
BRDA:75,4,1,0
BRDA:80,5,0,0
BRDA:80,5,1,0
BRDA:83,6,0,0
BRDA:83,6,1,0
BRDA:83,6,2,0
BRDA:83,6,3,0
BRDA:84,7,0,0
BRDA:84,7,1,0
BRDA:84,8,0,0
BRDA:84,8,1,0
BRDA:88,9,0,0
BRDA:88,9,1,0
BRDA:100,10,0,0
BRDA:100,10,1,0
BRDA:104,11,0,0
BRDA:104,11,1,0
BRDA:109,12,0,0
BRDA:109,12,1,0
BRDA:114,13,0,0
BRDA:114,13,1,0
BRDA:115,14,0,0
BRDA:115,14,1,0
BRDA:116,15,0,0
BRDA:116,15,1,0
BRDA:116,16,0,0
BRDA:116,16,1,0
BRDA:121,17,0,0
BRDA:121,17,1,0
BRDA:122,18,0,0
BRDA:122,18,1,0
BRDA:123,19,0,0
BRDA:123,19,1,0
BRDA:137,20,0,0
BRDA:137,20,1,0
BRDA:139,21,0,0
BRDA:139,21,1,0
BRDA:140,22,0,0
BRDA:140,22,1,0
BRDA:142,23,0,0
BRDA:142,23,1,0
BRDA:142,24,0,0
BRDA:142,24,1,0
BRDA:144,25,0,0
BRDA:144,25,1,0
BRDA:171,26,0,0
BRDA:171,26,1,0
BRF:56
BRH:0
end_of_record
TN:
SF:app/utils/deeplinks.ts
FN:3,getAppScheme
FN:7,buildSettingsLink
FN:13,openSettingsDeepLink
FN:27,tryOpen
FNF:4
FNH:0
FNDA:0,getAppScheme
FNDA:0,buildSettingsLink
FNDA:0,openSettingsDeepLink
FNDA:0,tryOpen
DA:1,0
DA:3,0
DA:4,0
DA:7,0
DA:8,0
DA:9,0
DA:10,0
DA:13,0
DA:14,0
DA:15,0
DA:16,0
DA:17,0
DA:18,0
DA:19,0
DA:21,0
DA:23,0
DA:27,0
DA:28,0
DA:29,0
DA:30,0
DA:31,0
DA:32,0
DA:34,0
DA:36,0
LF:24
LH:0
BRDA:9,0,0,0
BRDA:9,0,1,0
BRDA:17,1,0,0
BRDA:17,1,1,0
BRDA:30,2,0,0
BRDA:30,2,1,0
BRF:6
BRH:0
end_of_record
TN:
SF:backend/hono.ts
FN:24,(anonymous_1)
FN:41,(anonymous_2)
FN:51,(anonymous_3)
FNF:3
FNH:0
FNDA:0,(anonymous_1)
FNDA:0,(anonymous_2)
FNDA:0,(anonymous_3)
DA:1,0
DA:2,0
DA:3,0
DA:4,0
DA:5,0
DA:6,0
DA:7,0
DA:8,0
DA:9,0
DA:10,0
DA:11,0
DA:12,0
DA:15,0
DA:18,0
DA:19,0
DA:20,0
DA:23,0
DA:24,0
DA:31,0
DA:41,0
DA:42,0
DA:51,0
DA:52,0
DA:65,0
DA:66,0
DA:67,0
DA:68,0
DA:70,0
LF:28
LH:0
BRDA:24,0,0,0
BRDA:24,0,1,0
BRF:2
BRH:0
end_of_record
TN:
SF:backend/logging/pino.ts
FN:19,(anonymous_1)
FN:29,createChildLogger
FN:33,logSecurityEvent
FNF:3
FNH:0
FNDA:0,(anonymous_1)
FNDA:0,createChildLogger
FNDA:0,logSecurityEvent
DA:1,0
DA:3,0
DA:4,0
DA:6,0
DA:20,0
DA:29,0
DA:30,0
DA:33,0
DA:37,0
DA:45,0
LF:10
LH:0
BRDA:4,0,0,0
BRDA:4,0,1,0
BRDA:8,1,0,0
BRDA:8,1,1,0
BRF:4
BRH:0
end_of_record
TN:
SF:backend/middleware/correlation.ts
FN:4,correlationMiddleware
FNF:1
FNH:0
FNDA:0,correlationMiddleware
DA:2,0
DA:4,0
DA:5,0
DA:6,0
DA:8,0
DA:9,0
DA:10,0
DA:13,0
DA:15,0
LF:9
LH:0
BRDA:5,0,0,0
BRDA:5,0,1,0
BRDA:9,1,0,0
BRDA:9,1,1,0
BRF:4
BRH:0
end_of_record
TN:
SF:backend/middleware/rateLimit.ts
FN:27,rateLimit
FN:28,(anonymous_1)
FN:60,clearRateLimits
FNF:3
FNH:3
FNDA:5,rateLimit
FNDA:17,(anonymous_1)
FNDA:10,clearRateLimits
DA:4,1
DA:27,1
DA:28,5
DA:29,17
DA:30,17
DA:31,17
DA:32,17
DA:34,17
DA:35,17
DA:36,7
DA:37,7
DA:39,10
DA:40,10
DA:41,2
DA:42,2
DA:43,2
DA:44,2
DA:48,15
DA:49,15
DA:50,15
DA:51,15
DA:53,15
DA:60,1
DA:61,10
LF:24
LH:24
BRDA:27,0,0,0
BRDA:27,1,0,0
BRDA:27,2,0,0
BRDA:29,3,0,17
BRDA:29,3,1,0
BRDA:29,3,2,0
BRDA:35,4,0,7
BRDA:35,4,1,10
BRDA:35,5,0,17
BRDA:35,5,1,11
BRDA:40,6,0,2
BRDA:40,6,1,8
BRF:12
BRH:7
end_of_record
TN:
SF:backend/middleware/requestLogger.ts
FN:4,requestLoggerMiddleware
FNF:1
FNH:0
FNDA:0,requestLoggerMiddleware
DA:2,0
DA:4,0
DA:5,0
DA:6,0
DA:7,0
DA:8,0
[...]
DA:335,0
DA:339,0
DA:340,0
DA:345,0
DA:348,0
DA:349,0
DA:350,0
DA:351,0
DA:352,0
DA:353,0
DA:354,0
DA:356,0
DA:361,0
DA:365,0
DA:369,0
DA:370,0
DA:380,0
DA:382,0
DA:395,0
DA:451,0
DA:455,0
DA:470,0
DA:478,0
DA:527,0
LF:152
LH:0
BRDA:73,0,0,0
BRDA:73,0,1,0
BRDA:81,1,0,0
BRDA:81,1,1,0
BRDA:81,2,0,0
BRDA:81,2,1,0
BRDA:84,3,0,0
BRDA:84,3,1,0
BRDA:92,4,0,0
BRDA:92,4,1,0
BRDA:99,5,0,0
BRDA:99,5,1,0
BRDA:135,6,0,0
BRDA:135,6,1,0
BRDA:141,7,0,0
BRDA:141,7,1,0
BRDA:146,8,0,0
BRDA:146,8,1,0
BRDA:149,9,0,0
BRDA:149,9,1,0
BRDA:165,10,0,0
BRDA:165,10,1,0
BRDA:175,11,0,0
BRDA:176,12,0,0
BRDA:176,12,1,0
BRDA:184,13,0,0
BRDA:184,13,1,0
BRDA:184,13,2,0
BRDA:184,13,3,0
BRDA:239,14,0,0
BRDA:239,14,1,0
BRDA:242,15,0,0
BRDA:242,15,1,0
BRDA:278,16,0,0
BRDA:278,16,1,0
BRDA:280,17,0,0
BRDA:280,17,1,0
BRDA:289,18,0,0
BRDA:289,18,1,0
BRDA:302,19,0,0
BRDA:302,19,1,0
BRDA:331,20,0,0
BRDA:331,20,1,0
BRDA:341,21,0,0
BRDA:341,21,1,0
BRDA:342,22,0,0
BRDA:342,22,1,0
BRDA:349,23,0,0
BRDA:349,23,1,0
BRDA:350,24,0,0
BRDA:350,24,1,0
BRDA:353,25,0,0
BRDA:353,25,1,0
BRDA:357,26,0,0
BRDA:357,26,1,0
BRDA:369,27,0,0
BRDA:369,27,1,0
BRDA:385,28,0,0
BRDA:385,28,1,0
BRDA:397,29,0,0
BRDA:397,29,1,0
BRDA:406,30,0,0
BRDA:406,30,1,0
BRDA:424,31,0,0
BRDA:424,31,1,0
BRDA:431,32,0,0
BRDA:431,32,1,0
BRDA:436,33,0,0
BRDA:436,33,1,0
BRDA:436,33,2,0
BRDA:437,34,0,0
BRDA:437,34,1,0
BRDA:437,34,2,0
BRDA:448,35,0,0
BRDA:448,35,1,0
BRDA:454,36,0,0
BRDA:454,36,1,0
BRDA:455,37,0,0
BRDA:455,37,1,0
BRDA:458,38,0,0
BRDA:458,38,1,0
BRDA:467,39,0,0
BRDA:467,39,1,0
BRDA:474,40,0,0
BRDA:474,40,1,0
BRDA:475,41,0,0
BRDA:475,41,1,0
BRDA:475,41,2,0
BRDA:476,42,0,0
BRDA:476,42,1,0
BRDA:476,42,2,0
BRDA:476,42,3,0
BRDA:478,43,0,0
BRDA:478,43,1,0
BRDA:483,44,0,0
BRDA:483,44,1,0
BRDA:494,45,0,0
BRDA:494,45,1,0
BRDA:498,46,0,0
BRDA:498,46,1,0
BRDA:502,47,0,0
BRDA:502,47,1,0
BRDA:504,48,0,0
BRDA:504,48,1,0
BRDA:514,49,0,0
BRDA:514,49,1,0
BRDA:514,49,2,0
BRDA:516,50,0,0
BRDA:516,50,1,0
BRDA:516,50,2,0
BRDA:518,51,0,0
BRDA:518,51,1,0
BRF:112
BRH:0
end_of_record
TN:
SF:modules/offline/OfflineProvider.tsx
FN:4,OfflineProvider
FN:5,(anonymous_10)
FN:9,(anonymous_11)
FNF:3
FNH:0
FNDA:0,OfflineProvider
FNDA:0,(anonymous_10)
FNDA:0,(anonymous_11)
DA:1,0
DA:2,0
DA:4,0
DA:5,0
DA:6,0
DA:7,0
DA:9,0
DA:10,0
DA:11,0
DA:15,0
LF:10
LH:0
BRF:0
BRH:0
end_of_record
TN:
SF:modules/offline/cache.ts
FN:41,(anonymous_0)
FN:51,(anonymous_1)
FN:55,(anonymous_2)
FN:66,(anonymous_3)
FN:92,(anonymous_4)
FN:103,(anonymous_5)
FN:129,(anonymous_6)
FN:140,(anonymous_7)
FN:166,(anonymous_8)
FN:188,(anonymous_9)
FN:206,(anonymous_10)
FNF:11
FNH:0
FNDA:0,(anonymous_0)
FNDA:0,(anonymous_1)
FNDA:0,(anonymous_2)
FNDA:0,(anonymous_3)
FNDA:0,(anonymous_4)
FNDA:0,(anonymous_5)
FNDA:0,(anonymous_6)
FNDA:0,(anonymous_7)
FNDA:0,(anonymous_8)
FNDA:0,(anonymous_9)
FNDA:0,(anonymous_10)
DA:1,0
DA:3,0
DA:4,0
DA:42,0
DA:43,0
DA:52,0
DA:56,0
DA:57,0
DA:58,0
DA:59,0
DA:61,0
DA:62,0
DA:67,0
DA:68,0
DA:69,0
DA:73,0
DA:74,0
DA:75,0
DA:78,0
DA:79,0
DA:80,0
DA:81,0
DA:84,0
DA:85,0
DA:87,0
DA:88,0
DA:93,0
DA:94,0
DA:95,0
DA:96,0
DA:98,0
DA:99,0
DA:104,0
DA:105,0
DA:106,0
DA:110,0
DA:111,0
DA:112,0
DA:115,0
DA:116,0
DA:117,0
DA:118,0
DA:121,0
DA:122,0
DA:124,0
DA:125,0
DA:130,0
DA:131,0
DA:132,0
DA:133,0
DA:135,0
DA:136,0
DA:141,0
DA:142,0
DA:143,0
DA:147,0
DA:148,0
DA:149,0
DA:152,0
DA:153,0
DA:154,0
DA:155,0
DA:158,0
DA:159,0
DA:161,0
DA:162,0
DA:167,0
DA:169,0
DA:175,0
DA:176,0
DA:177,0
DA:178,0
DA:179,0
DA:180,0
DA:183,0
DA:189,0
DA:191,0
DA:197,0
DA:198,0
DA:199,0
DA:201,0
DA:207,0
DA:208,0
DA:209,0
DA:211,0
DA:219,0
LF:86
LH:0
BRDA:41,0,0,0
BRDA:52,1,0,0
BRDA:52,1,1,0
BRDA:73,2,0,0
BRDA:73,2,1,0
BRDA:78,3,0,0
BRDA:78,3,1,0
BRDA:110,4,0,0
BRDA:110,4,1,0
BRDA:115,5,0,0
BRDA:115,5,1,0
BRDA:147,6,0,0
BRDA:147,6,1,0
BRDA:152,7,0,0
BRDA:152,7,1,0
BRDA:178,8,0,0
BRDA:178,8,1,0
BRDA:178,9,0,0
BRDA:178,9,1,0
BRDA:212,10,0,0
BRDA:212,10,1,0
BRDA:214,11,0,0
BRDA:214,11,1,0
BRF:23
BRH:0
end_of_record
TN:
SF:modules/offline/index.ts
FN:22,(anonymous_1)
FN:24,(anonymous_2)
FN:27,(anonymous_3)
FN:28,(anonymous_4)
FN:31,(anonymous_5)
FN:36,(anonymous_6)
FN:40,(anonymous_7)
FN:44,(anonymous_8)
FN:48,(anonymous_9)
FN:52,(anonymous_10)
FN:61,initializeOfflineManager
FN:68,(anonymous_12)
FN:84,(anonymous_13)
FN:94,cleanupOfflineManager
FN:102,useOfflineStatus
FN:105,(anonymous_16)
FN:108,(anonymous_17)
FNF:17
FNH:0
FNDA:0,(anonymous_1)
FNDA:0,(anonymous_2)
FNDA:0,(anonymous_3)
FNDA:0,(anonymous_4)
FNDA:0,(anonymous_5)
FNDA:0,(anonymous_6)
FNDA:0,(anonymous_7)
FNDA:0,(anonymous_8)
FNDA:0,(anonymous_9)
FNDA:0,(anonymous_10)
FNDA:0,initializeOfflineManager
FNDA:0,(anonymous_12)
FNDA:0,(anonymous_13)
FNDA:0,cleanupOfflineManager
FNDA:0,useOfflineStatus
FNDA:0,(anonymous_16)
FNDA:0,(anonymous_17)
DA:1,0
DA:2,0
DA:12,0
DA:23,0
DA:24,0
DA:28,0
DA:32,0
DA:33,0
DA:37,0
DA:41,0
DA:45,0
DA:49,0
DA:53,0
DA:59,0
DA:61,0
DA:62,0
DA:63,0
DA:66,0
DA:68,0
DA:69,0
DA:75,0
DA:77,0
DA:84,0
DA:85,0
DA:86,0
DA:94,0
DA:95,0
DA:96,0
DA:97,0
DA:98,0
DA:102,0
DA:103,0
DA:105,0
DA:106,0
DA:107,0
DA:108,0
DA:109,0
DA:113,0
LF:38
LH:0
BRDA:52,0,0,0
BRDA:62,1,0,0
BRDA:62,1,1,0
BRDA:75,2,0,0
BRDA:75,2,1,0
BRDA:79,3,0,0
BRDA:79,3,1,0
BRDA:85,4,0,0
BRDA:85,4,1,0
BRDA:88,5,0,0
BRDA:88,5,1,0
BRDA:95,6,0,0
BRDA:95,6,1,0
BRF:13
BRH:0
end_of_record
TN:
SF:modules/offline/offlineQueue.ts
FN:25,(anonymous_0)
FN:39,(anonymous_1)
FN:53,(anonymous_2)
FN:66,(anonymous_3)
FN:68,(anonymous_4)
FN:73,(anonymous_5)
FN:74,(anonymous_6)
FN:81,(anonymous_7)
FN:89,(anonymous_8)
FN:95,(anonymous_9)
FN:101,(anonymous_10)
FN:106,(anonymous_11)
FN:126,(anonymous_12)
FN:165,(anonymous_13)
FN:177,(anonymous_14)
FN:186,(anonymous_15)
FN:194,(anonymous_16)
FN:198,(anonymous_17)
FN:202,(anonymous_18)
FNF:19
FNH:0
FNDA:0,(anonymous_0)
FNDA:0,(anonymous_1)
FNDA:0,(anonymous_2)
FNDA:0,(anonymous_3)
FNDA:0,(anonymous_4)
FNDA:0,(anonymous_5)
FNDA:0,(anonymous_6)
FNDA:0,(anonymous_7)
FNDA:0,(anonymous_8)
FNDA:0,(anonymous_9)
FNDA:0,(anonymous_10)
FNDA:0,(anonymous_11)
FNDA:0,(anonymous_12)
FNDA:0,(anonymous_13)
FNDA:0,(anonymous_14)
FNDA:0,(anonymous_15)
FNDA:0,(anonymous_16)
FNDA:0,(anonymous_17)
FNDA:0,(anonymous_18)
DA:1,0
DA:2,0
DA:14,0
DA:15,0
DA:16,0
DA:17,0
DA:18,0
DA:21,0
DA:22,0
DA:23,0
DA:26,0
DA:27,0
DA:28,0
DA:29,0
DA:30,0
DA:31,0
DA:32,0
DA:35,0
DA:40,0
DA:50,0
DA:52,0
DA:53,0
DA:54,0
DA:55,0
DA:58,0
DA:59,0
DA:61,0
DA:62,0
DA:67,0
DA:68,0
DA:69,0
DA:70,0
DA:74,0
DA:75,0
DA:76,0
DA:77,0
DA:82,0
DA:83,0
DA:85,0
DA:90,0
DA:91,0
DA:92,0
DA:96,0
DA:97,0
DA:100,0
DA:101,0
DA:102,0
DA:107,0
DA:108,0
DA:109,0
DA:112,0
DA:113,0
DA:114,0
DA:117,0
DA:118,0
DA:119,0
DA:122,0
DA:123,0
DA:125,0
DA:126,0
DA:128,0
DA:130,0
DA:131,0
DA:132,0
DA:138,0
DA:139,0
DA:141,0
DA:143,0
DA:145,0
DA:147,0
DA:148,0
DA:149,0
DA:151,0
DA:152,0
DA:153,0
DA:157,0
DA:162,0
DA:164,0
DA:165,0
DA:166,0
DA:168,0
DA:169,0
DA:170,0
DA:172,0
DA:173,0
DA:178,0
DA:180,0
DA:185,0
DA:186,0
DA:187,0
DA:190,0
DA:195,0
DA:199,0
DA:203,0
DA:204,0
DA:205,0
DA:206,0
DA:210,0
LF:98
LH:0
BRDA:29,0,0,0
BRDA:29,0,1,0
BRDA:29,1,0,0
BRDA:29,1,1,0
BRDA:39,2,0,0
BRDA:61,3,0,0
BRDA:61,3,1,0
BRDA:75,4,0,0
BRDA:75,4,1,0
BRDA:95,5,0,0
BRDA:96,6,0,0
BRDA:96,6,1,0
BRDA:100,7,0,0
BRDA:100,7,1,0
BRDA:107,8,0,0
BRDA:107,8,1,0
BRDA:112,9,0,0
BRDA:112,9,1,0
BRDA:117,10,0,0
BRDA:117,10,1,0
BRDA:147,11,0,0
BRDA:147,11,1,0
BRDA:164,12,0,0
BRDA:164,12,1,0
BRDA:166,13,0,0
BRDA:166,13,1,0
BRDA:180,14,0,0
BRDA:180,14,1,0
BRDA:180,14,2,0
BRDA:180,14,3,0
BRDA:180,14,4,0
BRF:31
BRH:0
end_of_record
TN:
SF:modules/offline/sync.ts
FN:4,syncProgress
FN:15,(anonymous_1)
FN:25,syncLesson
FN:36,(anonymous_3)
FN:46,syncVocabulary
FN:57,(anonymous_5)
FN:67,syncChatMessage
FN:78,(anonymous_7)
FN:88,forceSyncAll
FNF:9
FNH:0
FNDA:0,syncProgress
FNDA:0,(anonymous_1)
FNDA:0,syncLesson
FNDA:0,(anonymous_3)
FNDA:0,syncVocabulary
FNDA:0,(anonymous_5)
FNDA:0,syncChatMessage
FNDA:0,(anonymous_7)
FNDA:0,forceSyncAll
DA:1,0
DA:2,0
DA:4,0
DA:5,0
DA:7,0
DA:8,0
DA:9,0
DA:10,0
DA:13,0
DA:14,0
DA:15,0
DA:16,0
DA:17,0
DA:19,0
DA:20,0
DA:21,0
DA:25,0
DA:26,0
DA:28,0
DA:29,0
DA:30,0
DA:31,0
DA:34,0
DA:35,0
DA:36,0
DA:37,0
DA:38,0
DA:40,0
DA:41,0
DA:42,0
DA:46,0
DA:47,0
DA:49,0
DA:50,0
DA:51,0
DA:52,0
DA:55,0
DA:56,0
DA:57,0
DA:58,0
DA:59,0
DA:61,0
DA:62,0
DA:63,0
DA:67,0
DA:68,0
DA:70,0
DA:71,0
DA:72,0
DA:73,0
DA:76,0
DA:77,0
DA:78,0
DA:79,0
DA:80,0
DA:82,0
DA:83,0
DA:84,0
DA:88,0
DA:89,0
DA:91,0
DA:92,0
DA:93,0
DA:96,0
DA:97,0
DA:98,0
DA:100,0
DA:101,0
LF:68
LH:0
BRDA:7,0,0,0
BRDA:7,0,1,0
BRDA:28,1,0,0
BRDA:28,1,1,0
BRDA:49,2,0,0
BRDA:49,2,1,0
BRDA:70,3,0,0
BRDA:70,3,1,0
BRDA:91,4,0,0
BRDA:91,4,1,0
BRF:10
BRH:0
end_of_record
TN:
SF:modules/offline/useOfflineBanner.ts
FN:4,useOfflineBanner
FN:9,(anonymous_1)
FN:16,(anonymous_2)
FNF:3
FNH:0
FNDA:0,useOfflineBanner
FNDA:0,(anonymous_1)
FNDA:0,(anonymous_2)
DA:1,0
DA:2,0
DA:4,0
DA:5,0
DA:6,0
DA:7,0
DA:9,0
DA:10,0
DA:11,0
DA:12,0
DA:13,0
DA:14,0
DA:15,0
DA:16,0
DA:17,0
DA:18,0
DA:23,0
LF:17
LH:0
BRDA:10,0,0,0
BRDA:10,0,1,0
BRDA:10,1,0,0
BRDA:10,1,1,0
BRDA:14,2,0,0
BRDA:14,2,1,0
BRDA:14,3,0,0
BRDA:14,3,1,0
BRF:8
BRH:0
end_of_record
TN:
SF:modules/pronunciation/PronunciationModule.tsx
FN:11,PronunciationModule
FN:12,(anonymous_2)
FNF:2
FNH:0
FNDA:0,PronunciationModule
FNDA:0,(anonymous_2)
DA:1,0
DA:2,0
DA:3,0
DA:11,0
DA:12,0
DA:13,0
DA:14,0
DA:16,0
DA:20,0
DA:35,0
LF:10
LH:0
BRDA:13,0,0,0
BRDA:13,0,1,0
BRF:2
BRH:0
end_of_record
TN:
SF:modules/security/consent.ts
FN:19,getConsent
FN:38,updateConsent
FN:52,resetConsent
FN:62,shouldLogEvent
FNF:4
FNH:0
FNDA:0,getConsent
FNDA:0,updateConsent
FNDA:0,resetConsent
FNDA:0,shouldLogEvent
DA:1,0
DA:3,0
DA:11,0
DA:17,0
DA:19,0
DA:20,0
DA:21,0
DA:24,0
DA:25,0
DA:26,0
DA:27,0
DA:28,0
DA:31,0
DA:34,0
DA:35,0
DA:38,0
DA:39,0
DA:40,0
DA:41,0
DA:43,0
DA:44,0
DA:46,0
DA:48,0
DA:52,0
DA:53,0
DA:54,0
DA:55,0
DA:56,0
DA:58,0
DA:62,0
DA:63,0
DA:64,0
DA:67,0
DA:68,0
DA:71,0
DA:72,0
DA:75,0
LF:37
LH:0
BRDA:20,0,0,0
BRDA:20,0,1,0
BRDA:26,1,0,0
BRDA:26,1,1,0
BRDA:63,2,0,0
BRDA:63,2,1,0
BRDA:67,3,0,0
BRDA:67,3,1,0
BRDA:67,4,0,0
BRDA:67,4,1,0
BRDA:71,5,0,0
BRDA:71,5,1,0
BRDA:71,6,0,0
BRDA:71,6,1,0
BRF:14
BRH:0
end_of_record
TN:
SF:modules/security/integrity.ts
FN:5,signPayload
FN:10,verifySignature
FN:15,createSignedBatch
FN:37,verifySignedBatch
FN:50,checkClockSkew
FNF:5
FNH:0
FNDA:0,signPayload
FNDA:0,verifySignature
FNDA:0,createSignedBatch
FNDA:0,verifySignedBatch
FNDA:0,checkClockSkew
DA:1,0
DA:3,0
DA:5,0
DA:6,0
DA:7,0
DA:10,0
DA:11,0
DA:12,0
DA:15,0
DA:23,0
DA:24,0
DA:25,0
DA:27,0
DA:37,0
DA:45,0
DA:46,0
DA:47,0
DA:50,0
DA:51,0
DA:52,0
DA:53,0
DA:54,0
LF:22
LH:0
BRDA:3,0,0,0
BRDA:3,0,1,0
BRDA:50,1,0,0
BRF:3
BRH:0
end_of_record
TN:
SF:modules/sentence/SentenceModule.tsx
FN:11,SentenceModule
FN:19,(anonymous_2)
FNF:2
FNH:0
FNDA:0,SentenceModule
FNDA:0,(anonymous_2)
DA:1,0
DA:2,0
DA:3,0
DA:11,0
DA:12,0
DA:17,0
DA:20,0
DA:32,0
LF:8
LH:0
BRF:0
BRH:0
end_of_record
TN:
SF:modules/shared/ModuleShell.tsx
FN:38,ModuleShell
FN:65,(anonymous_10)
FN:73,(anonymous_11)
FN:82,(anonymous_12)
FN:84,(anonymous_13)
FN:85,(anonymous_14)
FN:93,(anonymous_15)
FN:97,(anonymous_16)
FN:103,(anonymous_17)
FN:113,(anonymous_18)
FN:118,(anonymous_19)
FN:125,(anonymous_20)
FN:127,(anonymous_21)
FN:131,(anonymous_22)
FN:136,(anonymous_23)
FN:137,(anonymous_24)
FN:139,(anonymous_25)
FN:265,(anonymous_26)
FNF:18
FNH:0
FNDA:0,ModuleShell
FNDA:0,(anonymous_10)
FNDA:0,(anonymous_11)
FNDA:0,(anonymous_12)
FNDA:0,(anonymous_13)
FNDA:0,(anonymous_14)
FNDA:0,(anonymous_15)
FNDA:0,(anonymous_16)
FNDA:0,(anonymous_17)
FNDA:0,(anonymous_18)
FNDA:0,(anonymous_19)
FNDA:0,(anonymous_20)
FNDA:0,(anonymous_21)
FNDA:0,(anonymous_22)
FNDA:0,(anonymous_23)
FNDA:0,(anonymous_24)
FNDA:0,(anonymous_25)
FNDA:0,(anonymous_26)
DA:1,0
DA:2,0
DA:3,0
DA:4,0
DA:5,0
DA:38,0
DA:56,0
DA:57,0
DA:58,0
DA:59,0
DA:60,0
DA:62,0
DA:63,0
DA:65,0
DA:66,0
DA:73,0
DA:74,0
DA:75,0
DA:82,0
DA:83,0
DA:84,0
DA:85,0
DA:86,0
DA:87,0
DA:89,0
DA:93,0
DA:97,0
DA:98,0
DA:99,0
DA:100,0
DA:103,0
DA:104,0
DA:105,0
DA:106,0
DA:107,0
DA:108,0
DA:109,0
DA:113,0
DA:114,0
DA:115,0
DA:118,0
DA:119,0
DA:120,0
DA:121,0
DA:122,0
DA:125,0
DA:127,0
DA:128,0
DA:131,0
DA:132,0
DA:133,0
DA:136,0
DA:137,0
DA:138,0
DA:139,0
DA:141,0
DA:145,0
DA:265,0
DA:308,0
LF:59
LH:0
BRDA:42,0,0,0
BRDA:43,1,0,0
BRDA:44,2,0,0
BRDA:45,3,0,0
BRDA:46,4,0,0
BRDA:47,5,0,0
BRDA:48,6,0,0
BRDA:49,7,0,0
BRDA:63,8,0,0
BRDA:63,8,1,0
BRDA:74,9,0,0
BRDA:74,9,1,0
BRDA:83,10,0,0
BRDA:83,10,1,0
BRDA:83,11,0,0
BRDA:83,11,1,0
BRDA:83,11,2,0
BRDA:86,12,0,0
BRDA:86,12,1,0
BRDA:104,13,0,0
BRDA:104,13,1,0
BRDA:104,13,2,0
BRDA:104,13,3,0
BRDA:104,13,4,0
BRDA:120,14,0,0
BRDA:120,14,1,0
BRDA:121,15,0,0
BRDA:121,15,1,0
BRDA:125,16,0,0
BRDA:125,16,1,0
BRDA:138,17,0,0
BRDA:138,17,1,0
BRDA:158,18,0,0
BRDA:158,18,1,0
BRDA:201,19,0,0
BRDA:201,19,1,0
BRDA:203,20,0,0
BRDA:203,20,1,0
BRDA:204,21,0,0
BRDA:204,21,1,0
BRDA:211,22,0,0
BRDA:211,22,1,0
BRDA:215,23,0,0
BRDA:215,23,1,0
BRDA:246,24,0,0
BRDA:246,24,1,0
BRDA:270,25,0,0
BRDA:270,25,1,0
BRF:48
BRH:0
end_of_record
TN:
SF:modules/syllables/SyllablesModule.tsx
FN:11,SyllablesModule
FN:19,(anonymous_2)
FNF:2
FNH:0
FNDA:0,SyllablesModule
FNDA:0,(anonymous_2)
DA:1,0
DA:2,0
DA:3,0
DA:11,0
DA:12,0
DA:17,0
DA:20,0
DA:32,0
LF:8
LH:0
BRF:0
BRH:0
end_of_record
TN:
SF:modules/vowels/VowelsModule.tsx
FN:13,VowelsModule
FN:19,(anonymous_11)
FN:31,(anonymous_12)
FN:42,(anonymous_13)
FN:50,(anonymous_14)
FNF:5
FNH:0
FNDA:0,VowelsModule
FNDA:0,(anonymous_11)
FNDA:0,(anonymous_12)
FNDA:0,(anonymous_13)
FNDA:0,(anonymous_14)
DA:1,0
DA:2,0
DA:3,0
DA:4,0
DA:5,0
DA:13,0
DA:14,0
DA:19,0
DA:20,0
DA:21,0
DA:22,0
DA:23,0
DA:24,0
DA:25,0
DA:27,0
DA:32,0
DA:36,0
DA:40,0
DA:43,0
DA:50,0
DA:64,0
LF:21
LH:0
BRDA:20,0,0,0
BRDA:20,0,1,0
BRDA:21,1,0,0
BRDA:21,1,1,0
BRDA:24,2,0,0
BRDA:24,2,1,0
BRDA:28,3,0,0
BRDA:28,3,1,0
BRF:8
BRH:0
end_of_record
TN:
SF:schemas/auth.ts
FN:14,(anonymous_0)
FN:15,(anonymous_1)
FN:16,(anonymous_2)
FN:22,(anonymous_3)
FN:35,(anonymous_4)
FN:54,(anonymous_5)
FN:63,(anonymous_6)
FNF:7
FNH:0
FNDA:0,(anonymous_0)
FNDA:0,(anonymous_1)
FNDA:0,(anonymous_2)
FNDA:0,(anonymous_3)
FNDA:0,(anonymous_4)
FNDA:0,(anonymous_5)
FNDA:0,(anonymous_6)
DA:1,0
DA:2,0
DA:4,0
DA:5,0
DA:6,0
DA:7,0
DA:8,0
DA:10,0
DA:14,0
DA:15,0
DA:16,0
DA:18,0
DA:22,0
DA:24,0
DA:30,0
DA:35,0
DA:38,0
DA:46,0
DA:50,0
DA:54,0
DA:59,0
DA:63,0
DA:68,0
LF:23
LH:0
BRF:0
BRH:0
end_of_record
TN:
SF:schemas/common.ts
FN:7,(anonymous_0)
FN:19,(anonymous_1)
FN:27,(anonymous_2)
FN:31,(anonymous_3)
FN:33,(anonymous_4)
FN:36,(anonymous_5)
FN:39,(anonymous_6)
FN:53,(anonymous_7)
FN:59,(anonymous_8)
FN:60,(anonymous_9)
FNF:10
FNH:0
FNDA:0,(anonymous_0)
FNDA:0,(anonymous_1)
FNDA:0,(anonymous_2)
FNDA:0,(anonymous_3)
FNDA:0,(anonymous_4)
FNDA:0,(anonymous_5)
FNDA:0,(anonymous_6)
FNDA:0,(anonymous_7)
FNDA:0,(anonymous_8)
FNDA:0,(anonymous_9)
DA:1,0
DA:3,0
DA:7,0
DA:10,0
DA:12,0
DA:17,0
DA:19,0
DA:22,0
DA:27,0
DA:28,0
DA:31,0
DA:33,0
DA:34,0
DA:36,0
DA:37,0
DA:39,0
DA:40,0
DA:42,0
DA:44,0
DA:49,0
DA:53,0
DA:57,0
DA:59,0
DA:60,0
DA:62,0
DA:66,0
DA:70,0
DA:77,0
DA:83,0
DA:88,0
DA:93,0
LF:31
LH:0
BRDA:27,0,0,0
BRDA:33,1,0,0
BRDA:36,2,0,0
BRDA:39,3,0,0
BRF:4
BRH:0
end_of_record
TN:
SF:schemas/dialogue.schema.ts
FNF:0
FNH:0
DA:1,0
DA:3,0
DA:5,0
DA:15,0
DA:28,0
DA:38,0
DA:48,0
LF:7
LH:0
BRF:0
BRH:0
end_of_record
TN:
SF:schemas/difficulty.schema.ts
FNF:0
FNH:0
DA:1,0
DA:3,0
DA:6,0
DA:27,0
LF:4
LH:0
BRF:0
BRH:0
end_of_record
TN:
SF:schemas/errors.ts
FN:74,createValidationError
FNF:1
FNH:1
FNDA:5,createValidationError
DA:1,1
DA:74,1
DA:80,5
LF:3
LH:3
BRF:0
BRH:0
end_of_record
TN:
SF:schemas/feedback.ts
FNF:0
FNH:0
DA:1,0
DA:2,0
DA:4,0
DA:8,0
DA:21,0
LF:5
LH:0
BRF:0
BRH:0
end_of_record
TN:
SF:schemas/index.ts
FNF:0
FNH:0
DA:1,0
DA:2,0
DA:3,0
DA:4,0
DA:5,0
DA:6,0
DA:7,0
DA:8,0
DA:9,0
LF:9
LH:0
BRF:0
BRH:0
end_of_record
TN:
SF:schemas/lesson.ts
FNF:0
FNH:0
DA:1,0
DA:3,0
DA:29,0
DA:47,0
DA:59,0
DA:80,0
LF:6
LH:0
BRF:0
BRH:0
end_of_record
TN:
SF:schemas/lessons.ts
FNF:0
FNH:0
DA:1,0
DA:2,0
DA:4,0
DA:10,0
DA:16,0
DA:23,0
DA:31,0
DA:42,0
DA:50,0
LF:9
LH:0
BRF:0
BRH:0
end_of_record
TN:
SF:schemas/preferences.ts
FN:12,(anonymous_0)
FN:12,(anonymous_1)
FNF:2
FNH:0
FNDA:0,(anonymous_0)
FNDA:0,(anonymous_1)
DA:1,0
DA:3,0
DA:4,0
DA:5,0
DA:12,0
DA:14,0
DA:33,0
DA:39,0
DA:46,0
DA:54,0
DA:61,0
DA:66,0
LF:12
LH:0
BRF:0
BRH:0
end_of_record
TN:
SF:schemas/profile.ts
FN:31,(anonymous_0)
FNF:1
FNH:0
FNDA:0,(anonymous_0)
DA:1,0
DA:2,0
DA:4,0
DA:10,0
DA:19,0
DA:27,0
DA:31,0
LF:7
LH:0
BRF:0
BRH:0
end_of_record
TN:
SF:schemas/stt.ts
FN:12,(anonymous_0)
FN:15,(anonymous_1)
FN:71,(anonymous_2)
FN:75,(anonymous_3)
FNF:4
FNH:0
FNDA:0,(anonymous_0)
FNDA:0,(anonymous_1)
FNDA:0,(anonymous_2)
FNDA:0,(anonymous_3)
DA:1,0
DA:2,0
DA:8,0
DA:12,0
DA:16,0
DA:17,0
DA:27,0
DA:46,0
DA:55,0
DA:69,0
DA:71,0
DA:76,0
DA:77,0
LF:13
LH:0
BRDA:12,0,0,0
BRDA:12,0,1,0
BRDA:71,1,0,0
BRDA:71,1,1,0
BRF:4
BRH:0
end_of_record
TN:
SF:schemas/translate.ts
FNF:0
FNH:0
DA:1,0
DA:3,0
DA:12,0
DA:27,0
DA:40,0
DA:45,0
DA:57,0
LF:7
LH:0
BRF:0
BRH:0
end_of_record
TN:
SF:schemas/user.ts
FN:22,(anonymous_0)
FN:47,(anonymous_1)
FNF:2
FNH:0
FNDA:0,(anonymous_0)
FNDA:0,(anonymous_1)
DA:1,0
DA:3,0
DA:18,0
DA:22,0
DA:27,0
DA:33,0
DA:43,0
DA:47,0
LF:8
LH:0
BRF:0
BRH:0
end_of_record
TN:
SF:state/dialogueQueueStore.ts
FN:36,(anonymous_1)
FN:39,(anonymous_2)
FN:40,(anonymous_3)
FN:44,(anonymous_4)
FN:45,(anonymous_5)
FN:56,(anonymous_6)
FN:58,(anonymous_7)
FN:59,(anonymous_8)
FN:64,(anonymous_9)
FN:65,(anonymous_10)
FN:66,(anonymous_11)
FN:69,(anonymous_12)
FN:73,(anonymous_13)
FN:74,(anonymous_14)
FN:77,(anonymous_15)
FN:78,(anonymous_16)
FN:82,(anonymous_17)
FN:91,(anonymous_18)
FN:95,(anonymous_19)
FNF:19
FNH:0
FNDA:0,(anonymous_1)
FNDA:0,(anonymous_2)
FNDA:0,(anonymous_3)
FNDA:0,(anonymous_4)
FNDA:0,(anonymous_5)
FNDA:0,(anonymous_6)
FNDA:0,(anonymous_7)
FNDA:0,(anonymous_8)
FNDA:0,(anonymous_9)
FNDA:0,(anonymous_10)
FNDA:0,(anonymous_11)
FNDA:0,(anonymous_12)
FNDA:0,(anonymous_13)
FNDA:0,(anonymous_14)
FNDA:0,(anonymous_15)
FNDA:0,(anonymous_16)
FNDA:0,(anonymous_17)
FNDA:0,(anonymous_18)
FNDA:0,(anonymous_19)
DA:1,0
DA:2,0
DA:3,0
DA:28,0
DA:34,0
DA:36,0
DA:40,0
DA:45,0
DA:46,0
DA:47,0
DA:48,0
DA:56,0
DA:59,0
DA:60,0
DA:61,0
DA:65,0
DA:66,0
DA:70,0
DA:71,0
DA:72,0
DA:73,0
DA:74,0
DA:78,0
DA:83,0
DA:84,0
DA:85,0
DA:86,0
DA:88,0
DA:91,0
DA:95,0
LF:30
LH:0
BRDA:47,0,0,0
BRDA:47,0,1,0
BRDA:60,1,0,0
BRDA:60,1,1,0
BRDA:74,2,0,0
BRDA:74,2,1,0
BRDA:74,2,2,0
BRDA:85,3,0,0
BRDA:85,3,1,0
BRF:9
BRH:0
end_of_record
TN:
SF:state/learning-progress.ts
FN:29,(anonymous_1)
FN:33,(anonymous_2)
FN:35,(anonymous_3)
FN:41,(anonymous_4)
FN:44,(anonymous_5)
FN:47,(anonymous_6)
FN:49,(anonymous_7)
FN:55,(anonymous_8)
FN:56,(anonymous_9)
FN:59,(anonymous_10)
FN:68,(anonymous_11)
FN:69,(anonymous_12)
FN:87,(anonymous_13)
FN:91,(anonymous_14)
FN:92,(anonymous_15)
FN:95,(anonymous_16)
FNF:16
FNH:0
FNDA:0,(anonymous_1)
FNDA:0,(anonymous_2)
FNDA:0,(anonymous_3)
FNDA:0,(anonymous_4)
FNDA:0,(anonymous_5)
FNDA:0,(anonymous_6)
FNDA:0,(anonymous_7)
FNDA:0,(anonymous_8)
FNDA:0,(anonymous_9)
FNDA:0,(anonymous_10)
FNDA:0,(anonymous_11)
FNDA:0,(anonymous_12)
FNDA:0,(anonymous_13)
FNDA:0,(anonymous_14)
FNDA:0,(anonymous_15)
FNDA:0,(anonymous_16)
DA:1,0
DA:2,0
DA:3,0
DA:27,0
DA:29,0
DA:30,0
DA:31,0
DA:33,0
DA:34,0
DA:36,0
DA:37,0
DA:38,0
DA:42,0
DA:44,0
DA:47,0
DA:48,0
DA:49,0
DA:50,0
DA:55,0
DA:56,0
DA:59,0
DA:60,0
DA:61,0
DA:62,0
DA:63,0
DA:65,0
DA:68,0
DA:69,0
DA:70,0
DA:71,0
DA:72,0
DA:73,0
DA:74,0
DA:75,0
DA:83,0
DA:87,0
DA:88,0
DA:91,0
DA:92,0
DA:95,0
LF:40
LH:0
BRDA:36,0,0,0
BRDA:36,0,1,0
BRDA:48,1,0,0
BRDA:48,1,1,0
BRDA:62,2,0,0
BRDA:62,2,1,0
BRDA:71,3,0,0
BRDA:71,3,1,0
BRDA:74,4,0,0
BRDA:74,4,1,0
BRDA:79,5,0,0
BRDA:79,5,1,0
BRF:12
BRH:0
end_of_record
TN:
SF:state/preferencesStore.ts
FN:30,(anonymous_1)
FN:32,(anonymous_2)
FN:34,(anonymous_3)
FN:35,(anonymous_4)
FN:39,(anonymous_5)
FNF:5
FNH:0
FNDA:0,(anonymous_1)
FNDA:0,(anonymous_2)
FNDA:0,(anonymous_3)
FNDA:0,(anonymous_4)
FNDA:0,(anonymous_5)
DA:1,0
DA:2,0
DA:3,0
DA:4,0
DA:22,0
DA:28,0
DA:30,0
DA:33,0
DA:34,0
DA:35,0
DA:39,0
LF:11
LH:0
BRF:0
BRH:0
end_of_record
